<?xml version="1.0" encoding="UTF-8"?>
<!-- Generated by org.testng.reporters.JUnitXMLReporter -->
<testsuite ignored="0" hostname="fancyCalculator" failures="0" tests="4" name="LoginTest" time="14.792" errors="0" timestamp="2026-04-18T17:07:21 EDT">
  <testcase classname="TestCases.LoginTest" name="testButtons" time="3.794"/>
  <testcase classname="TestCases.LoginTest" name="testInputFields" time="2.184"/>
  <testcase classname="TestCases.LoginTest" name="testForgotPassword" time="2.031"/>
  <testcase classname="TestCases.LoginTest" name="testValidLogin" time="6.742"/>
</testsuite> <!-- LoginTest -->
