<?xml version="1.0" encoding="UTF-8"?>
<!-- Generated by org.testng.reporters.JUnitXMLReporter -->
<testsuite ignored="12" hostname="fancyCalculator" failures="4" tests="34" name="ParallelTests" time="126.534" errors="0" timestamp="2026-04-18T17:09:27 EDT">
  <testcase classname="TestCases.NavigationTest" name="testLogoNav" time="11.583"/>
  <testcase classname="TestCases.ProfileManagementTest" name="addNewUser" time="8.267">
    <failure type="org.openqa.selenium.ElementClickInterceptedException" message="element click intercepted: Element &amp;lt;button aria-label=&amp;quot;&amp;quot; tabindex=&amp;quot;0&amp;quot; class=&amp;quot;button--xqVd0 button--is-type-one--3uIzT buttons-group__item--ThNEA&amp;quot; data-t=&amp;quot;save-profile-btn&amp;quot; type=&amp;quot;submit&amp;quot; style=&amp;quot;&amp;quot;&amp;gt;...&amp;lt;/button&amp;gt; is not clickable at point (695, 796). Other element would receive the click: &amp;lt;div id=&amp;quot;onetrust-policy-text&amp;quot;&amp;gt;...&amp;lt;/div&amp;gt;
  (Session info: chrome=147.0.7727.101)
Build info: version: &amp;apos;4.20.0&amp;apos;, revision: &amp;apos;866c76ca80&amp;apos;
System info: os.name: &amp;apos;Windows 11&amp;apos;, os.arch: &amp;apos;amd64&amp;apos;, os.version: &amp;apos;10.0&amp;apos;, java.version: &amp;apos;25.0.2&amp;apos;
Driver info: org.openqa.selenium.chrome.ChromeDriver
Command: [68a8dc276b8ed5cf2e20159dc2d2c199, clickElement {id=f.D1B27CEEA2CAD73941F5E5E9D7E1E6B5.d.C0B04280FA68AB43D23994F87E8D3FDC.e.3531}]
Capabilities {acceptInsecureCerts: false, browserName: chrome, browserVersion: 147.0.7727.101, chrome: {chromedriverVersion: 147.0.7727.57 (b4f28b5637d0..., userDataDir: C:\Users\sebst\AppData\Loca...}, fedcm:accounts: true, goog:chromeOptions: {debuggerAddress: localhost:52748}, goog:processID: 7976, networkConnectionEnabled: false, pageLoadStrategy: normal, platformName: windows, proxy: Proxy(), se:cdp: ws://localhost:52748/devtoo..., se:cdpVersion: 147.0.7727.101, setWindowRect: true, strictFileInteractability: false, timeouts: {implicit: 0, pageLoad: 300000, script: 30000}, unhandledPromptBehavior: dismiss and notify, webauthn:extension:credBlob: true, webauthn:extension:largeBlob: true, webauthn:extension:minPinLength: true, webauthn:extension:prf: true, webauthn:virtualAuthenticators: true}
Element: [[ChromeDriver: chrome on windows (68a8dc276b8ed5cf2e20159dc2d2c199)] -&amp;gt; css selector: [data-t=&amp;apos;save-profile-btn&amp;apos;]]
Session ID: 68a8dc276b8ed5cf2e20159dc2d2c199">
      <![CDATA[org.openqa.selenium.ElementClickInterceptedException: element click intercepted: Element <button aria-label="" tabindex="0" class="button--xqVd0 button--is-type-one--3uIzT buttons-group__item--ThNEA" data-t="save-profile-btn" type="submit" style="">...</button> is not clickable at point (695, 796). Other element would receive the click: <div id="onetrust-policy-text">...</div>
  (Session info: chrome=147.0.7727.101)
Build info: version: '4.20.0', revision: '866c76ca80'
System info: os.name: 'Windows 11', os.arch: 'amd64', os.version: '10.0', java.version: '25.0.2'
Driver info: org.openqa.selenium.chrome.ChromeDriver
Command: [68a8dc276b8ed5cf2e20159dc2d2c199, clickElement {id=f.D1B27CEEA2CAD73941F5E5E9D7E1E6B5.d.C0B04280FA68AB43D23994F87E8D3FDC.e.3531}]
Capabilities {acceptInsecureCerts: false, browserName: chrome, browserVersion: 147.0.7727.101, chrome: {chromedriverVersion: 147.0.7727.57 (b4f28b5637d0..., userDataDir: C:\Users\sebst\AppData\Loca...}, fedcm:accounts: true, goog:chromeOptions: {debuggerAddress: localhost:52748}, goog:processID: 7976, networkConnectionEnabled: false, pageLoadStrategy: normal, platformName: windows, proxy: Proxy(), se:cdp: ws://localhost:52748/devtoo..., se:cdpVersion: 147.0.7727.101, setWindowRect: true, strictFileInteractability: false, timeouts: {implicit: 0, pageLoad: 300000, script: 30000}, unhandledPromptBehavior: dismiss and notify, webauthn:extension:credBlob: true, webauthn:extension:largeBlob: true, webauthn:extension:minPinLength: true, webauthn:extension:prf: true, webauthn:virtualAuthenticators: true}
Element: [[ChromeDriver: chrome on windows (68a8dc276b8ed5cf2e20159dc2d2c199)] -> css selector: [data-t='save-profile-btn']]
Session ID: 68a8dc276b8ed5cf2e20159dc2d2c199
at org.openqa.selenium.remote.ErrorCodec.decode(ErrorCodec.java:167)
at org.openqa.selenium.remote.codec.w3c.W3CHttpResponseCodec.decode(W3CHttpResponseCodec.java:138)
at org.openqa.selenium.remote.codec.w3c.W3CHttpResponseCodec.decode(W3CHttpResponseCodec.java:50)
at org.openqa.selenium.remote.HttpCommandExecutor.execute(HttpCommandExecutor.java:190)
at org.openqa.selenium.remote.service.DriverCommandExecutor.invokeExecute(DriverCommandExecutor.java:216)
at org.openqa.selenium.remote.service.DriverCommandExecutor.execute(DriverCommandExecutor.java:174)
at org.openqa.selenium.remote.RemoteWebDriver.execute(RemoteWebDriver.java:518)
at org.openqa.selenium.remote.RemoteWebElement.execute(RemoteWebElement.java:223)
at org.openqa.selenium.remote.RemoteWebElement.click(RemoteWebElement.java:76)
at TestCases.BaseTest.clickElement(BaseTest.java:280)
at TestCases.ProfileManagementTest.addNewUser(ProfileManagementTest.java:62)
at java.base/java.util.concurrent.Executors$RunnableAdapter.call(Executors.java:545)
at java.base/java.util.concurrent.FutureTask.run(FutureTask.java:328)
at java.base/java.util.concurrent.ThreadPoolExecutor.runWorker(ThreadPoolExecutor.java:1090)
at java.base/java.util.concurrent.ThreadPoolExecutor$Worker.run(ThreadPoolExecutor.java:614)
at java.base/java.lang.Thread.run(Thread.java:1474)
... Removed 14 stack frames]]>
    </failure>
  </testcase> <!-- addNewUser -->
  <testcase classname="TestCases.ProfileManagementTest" name="editUserProfile" time="0.001">
    <skipped/>
  </testcase> <!-- editUserProfile -->
  <testcase classname="TestCases.ProfileManagementTest" name="deleteUserProfile" time="0.001">
    <skipped/>
  </testcase> <!-- deleteUserProfile -->
  <testcase classname="TestCases.ProfileManagementTest" name="chooseProfile" time="0.0">
    <skipped/>
  </testcase> <!-- chooseProfile -->
  <testcase classname="TestCases.HomePageTest" name="titleANDlogo" time="3.119"/>
  <testcase classname="TestCases.SettingsTest" name="testSettingsPageLoads" time="9.107"/>
  <testcase classname="TestCases.HomePageTest" name="testCarousel" time="4.173"/>
  <testcase classname="TestCases.SettingsTest" name="testSubtitleLanguage" time="3.962"/>
  <testcase classname="TestCases.SearchTest" name="testSearchPage" time="0.96">
    <failure type="org.openqa.selenium.InvalidSelectorException" message="invalid selector: An invalid or illegal selector was specified
  (Session info: chrome=147.0.7727.101)
For documentation on this error, please visit: https://www.selenium.dev/documentation/webdriver/troubleshooting/errors#invalid-selector-exception
Build info: version: &amp;apos;4.20.0&amp;apos;, revision: &amp;apos;866c76ca80&amp;apos;
System info: os.name: &amp;apos;Windows 11&amp;apos;, os.arch: &amp;apos;amd64&amp;apos;, os.version: &amp;apos;10.0&amp;apos;, java.version: &amp;apos;25.0.2&amp;apos;
Driver info: org.openqa.selenium.chrome.ChromeDriver
Command: [7d52248292918a72154a6dfecb3a2eb2, findElement {value=a[aria-label=&amp;apos;Search&amp;apos;][href*=&amp;apos;/search&amp;apos;], [data-t=&amp;apos;search-svg&amp;apos;]a.erc-search-header-button-old, a[href=&amp;apos;/search&amp;apos;][aria-label=&amp;apos;Search&amp;apos;], using=css selector}]
Capabilities {acceptInsecureCerts: false, browserName: chrome, browserVersion: 147.0.7727.101, chrome: {chromedriverVersion: 147.0.7727.57 (b4f28b5637d0..., userDataDir: C:\Users\sebst\AppData\Loca...}, fedcm:accounts: true, goog:chromeOptions: {debuggerAddress: localhost:57266}, goog:processID: 21932, networkConnectionEnabled: false, pageLoadStrategy: normal, platformName: windows, proxy: Proxy(), se:cdp: ws://localhost:57266/devtoo..., se:cdpVersion: 147.0.7727.101, setWindowRect: true, strictFileInteractability: false, timeouts: {implicit: 0, pageLoad: 300000, script: 30000}, unhandledPromptBehavior: dismiss and notify, webauthn:extension:credBlob: true, webauthn:extension:largeBlob: true, webauthn:extension:minPinLength: true, webauthn:extension:prf: true, webauthn:virtualAuthenticators: true}
Session ID: 7d52248292918a72154a6dfecb3a2eb2">
      <![CDATA[org.openqa.selenium.InvalidSelectorException: invalid selector: An invalid or illegal selector was specified
  (Session info: chrome=147.0.7727.101)
For documentation on this error, please visit: https://www.selenium.dev/documentation/webdriver/troubleshooting/errors#invalid-selector-exception
Build info: version: '4.20.0', revision: '866c76ca80'
System info: os.name: 'Windows 11', os.arch: 'amd64', os.version: '10.0', java.version: '25.0.2'
Driver info: org.openqa.selenium.chrome.ChromeDriver
Command: [7d52248292918a72154a6dfecb3a2eb2, findElement {value=a[aria-label='Search'][href*='/search'], [data-t='search-svg']a.erc-search-header-button-old, a[href='/search'][aria-label='Search'], using=css selector}]
Capabilities {acceptInsecureCerts: false, browserName: chrome, browserVersion: 147.0.7727.101, chrome: {chromedriverVersion: 147.0.7727.57 (b4f28b5637d0..., userDataDir: C:\Users\sebst\AppData\Loca...}, fedcm:accounts: true, goog:chromeOptions: {debuggerAddress: localhost:57266}, goog:processID: 21932, networkConnectionEnabled: false, pageLoadStrategy: normal, platformName: windows, proxy: Proxy(), se:cdp: ws://localhost:57266/devtoo..., se:cdpVersion: 147.0.7727.101, setWindowRect: true, strictFileInteractability: false, timeouts: {implicit: 0, pageLoad: 300000, script: 30000}, unhandledPromptBehavior: dismiss and notify, webauthn:extension:credBlob: true, webauthn:extension:largeBlob: true, webauthn:extension:minPinLength: true, webauthn:extension:prf: true, webauthn:virtualAuthenticators: true}
Session ID: 7d52248292918a72154a6dfecb3a2eb2
at org.openqa.selenium.remote.ErrorCodec.decode(ErrorCodec.java:167)
at org.openqa.selenium.remote.codec.w3c.W3CHttpResponseCodec.decode(W3CHttpResponseCodec.java:138)
at org.openqa.selenium.remote.codec.w3c.W3CHttpResponseCodec.decode(W3CHttpResponseCodec.java:50)
at org.openqa.selenium.remote.HttpCommandExecutor.execute(HttpCommandExecutor.java:190)
at org.openqa.selenium.remote.service.DriverCommandExecutor.invokeExecute(DriverCommandExecutor.java:216)
at org.openqa.selenium.remote.service.DriverCommandExecutor.execute(DriverCommandExecutor.java:174)
at org.openqa.selenium.remote.RemoteWebDriver.execute(RemoteWebDriver.java:518)
at org.openqa.selenium.remote.ElementLocation$ElementFinder$2.findElement(ElementLocation.java:165)
at org.openqa.selenium.remote.ElementLocation.findElement(ElementLocation.java:59)
at org.openqa.selenium.remote.RemoteWebDriver.findElement(RemoteWebDriver.java:355)
at org.openqa.selenium.remote.RemoteWebDriver.findElement(RemoteWebDriver.java:349)
at org.openqa.selenium.support.ui.ExpectedConditions$7.apply(ExpectedConditions.java:194)
at org.openqa.selenium.support.ui.ExpectedConditions$7.apply(ExpectedConditions.java:190)
at org.openqa.selenium.support.ui.ExpectedConditions$22.apply(ExpectedConditions.java:627)
at org.openqa.selenium.support.ui.ExpectedConditions$22.apply(ExpectedConditions.java:624)
at org.openqa.selenium.support.ui.FluentWait.until(FluentWait.java:203)
at TestCases.BaseTest.clickElement(BaseTest.java:280)
at TestCases.SearchTest.testSearchPage(SearchTest.java:74)
at java.base/java.util.concurrent.Executors$RunnableAdapter.call(Executors.java:545)
at java.base/java.util.concurrent.FutureTask.run(FutureTask.java:328)
at java.base/java.util.concurrent.ThreadPoolExecutor.runWorker(ThreadPoolExecutor.java:1090)
at java.base/java.util.concurrent.ThreadPoolExecutor$Worker.run(ThreadPoolExecutor.java:614)
at java.base/java.lang.Thread.run(Thread.java:1474)
... Removed 14 stack frames]]>
    </failure>
  </testcase> <!-- testSearchPage -->
  <testcase classname="TestCases.SearchTest" name="testEmptySearch" time="0.0">
    <skipped/>
  </testcase> <!-- testEmptySearch -->
  <testcase classname="TestCases.SearchTest" name="testSearch" time="0.0">
    <skipped/>
  </testcase> <!-- testSearch -->
  <testcase classname="TestCases.SearchTest" name="keywordSearch" time="0.001">
    <skipped/>
  </testcase> <!-- keywordSearch -->
  <testcase classname="TestCases.SearchTest" name="abbrevSearch" time="0.0">
    <skipped/>
  </testcase> <!-- abbrevSearch -->
  <testcase classname="TestCases.SettingsTest" name="testNotifSettings" time="4.146"/>
  <testcase classname="TestCases.HomePageTest" name="testFooterLinks" time="7.616"/>
  <testcase classname="TestCases.HomePageTest" name="testContinueWatching" time="3.976"/>
  <testcase classname="TestCases.NavigationTest" name="navLinks" time="22.666"/>
  <testcase classname="TestCases.SettingsTest" name="testChangeAccountInfo" time="9.556"/>
  <testcase classname="TestCases.HomePageTest" name="testHPcontent" time="4.699"/>
  <testcase classname="TestCases.SettingsTest" name="testCustomerSupport" time="4.353"/>
  <testcase classname="TestCases.NavigationTest" name="watchlistNav" time="7.649"/>
  <testcase classname="TestCases.SubServicesTest" name="testManga" time="19.786"/>
  <testcase classname="TestCases.ShowTest" name="seriesInfo" time="17.323"/>
  <testcase classname="TestCases.NavigationTest" name="navByCategory" time="5.098"/>
  <testcase classname="TestCases.NavigationTest" name="searchNav" time="0.016">
    <failure type="org.openqa.selenium.InvalidSelectorException" message="invalid selector: An invalid or illegal selector was specified
  (Session info: chrome=147.0.7727.101)
For documentation on this error, please visit: https://www.selenium.dev/documentation/webdriver/troubleshooting/errors#invalid-selector-exception
Build info: version: &amp;apos;4.20.0&amp;apos;, revision: &amp;apos;866c76ca80&amp;apos;
System info: os.name: &amp;apos;Windows 11&amp;apos;, os.arch: &amp;apos;amd64&amp;apos;, os.version: &amp;apos;10.0&amp;apos;, java.version: &amp;apos;25.0.2&amp;apos;
Driver info: org.openqa.selenium.chrome.ChromeDriver
Command: [5cb8b0a656cd6d6e8543a6e8cc0a8e18, findElement {value=a[aria-label=&amp;apos;Search&amp;apos;][href*=&amp;apos;/search&amp;apos;], [data-t=&amp;apos;search-svg&amp;apos;]a.erc-search-header-button-old, a[href=&amp;apos;/search&amp;apos;][aria-label=&amp;apos;Search&amp;apos;], using=css selector}]
Capabilities {acceptInsecureCerts: false, browserName: chrome, browserVersion: 147.0.7727.101, chrome: {chromedriverVersion: 147.0.7727.57 (b4f28b5637d0..., userDataDir: C:\Users\sebst\AppData\Loca...}, fedcm:accounts: true, goog:chromeOptions: {debuggerAddress: localhost:64166}, goog:processID: 9076, networkConnectionEnabled: false, pageLoadStrategy: normal, platformName: windows, proxy: Proxy(), se:cdp: ws://localhost:64166/devtoo..., se:cdpVersion: 147.0.7727.101, setWindowRect: true, strictFileInteractability: false, timeouts: {implicit: 0, pageLoad: 300000, script: 30000}, unhandledPromptBehavior: dismiss and notify, webauthn:extension:credBlob: true, webauthn:extension:largeBlob: true, webauthn:extension:minPinLength: true, webauthn:extension:prf: true, webauthn:virtualAuthenticators: true}
Session ID: 5cb8b0a656cd6d6e8543a6e8cc0a8e18">
      <![CDATA[org.openqa.selenium.InvalidSelectorException: invalid selector: An invalid or illegal selector was specified
  (Session info: chrome=147.0.7727.101)
For documentation on this error, please visit: https://www.selenium.dev/documentation/webdriver/troubleshooting/errors#invalid-selector-exception
Build info: version: '4.20.0', revision: '866c76ca80'
System info: os.name: 'Windows 11', os.arch: 'amd64', os.version: '10.0', java.version: '25.0.2'
Driver info: org.openqa.selenium.chrome.ChromeDriver
Command: [5cb8b0a656cd6d6e8543a6e8cc0a8e18, findElement {value=a[aria-label='Search'][href*='/search'], [data-t='search-svg']a.erc-search-header-button-old, a[href='/search'][aria-label='Search'], using=css selector}]
Capabilities {acceptInsecureCerts: false, browserName: chrome, browserVersion: 147.0.7727.101, chrome: {chromedriverVersion: 147.0.7727.57 (b4f28b5637d0..., userDataDir: C:\Users\sebst\AppData\Loca...}, fedcm:accounts: true, goog:chromeOptions: {debuggerAddress: localhost:64166}, goog:processID: 9076, networkConnectionEnabled: false, pageLoadStrategy: normal, platformName: windows, proxy: Proxy(), se:cdp: ws://localhost:64166/devtoo..., se:cdpVersion: 147.0.7727.101, setWindowRect: true, strictFileInteractability: false, timeouts: {implicit: 0, pageLoad: 300000, script: 30000}, unhandledPromptBehavior: dismiss and notify, webauthn:extension:credBlob: true, webauthn:extension:largeBlob: true, webauthn:extension:minPinLength: true, webauthn:extension:prf: true, webauthn:virtualAuthenticators: true}
Session ID: 5cb8b0a656cd6d6e8543a6e8cc0a8e18
at org.openqa.selenium.remote.ErrorCodec.decode(ErrorCodec.java:167)
at org.openqa.selenium.remote.codec.w3c.W3CHttpResponseCodec.decode(W3CHttpResponseCodec.java:138)
at org.openqa.selenium.remote.codec.w3c.W3CHttpResponseCodec.decode(W3CHttpResponseCodec.java:50)
at org.openqa.selenium.remote.HttpCommandExecutor.execute(HttpCommandExecutor.java:190)
at org.openqa.selenium.remote.service.DriverCommandExecutor.invokeExecute(DriverCommandExecutor.java:216)
at org.openqa.selenium.remote.service.DriverCommandExecutor.execute(DriverCommandExecutor.java:174)
at org.openqa.selenium.remote.RemoteWebDriver.execute(RemoteWebDriver.java:518)
at org.openqa.selenium.remote.ElementLocation$ElementFinder$2.findElement(ElementLocation.java:165)
at org.openqa.selenium.remote.ElementLocation.findElement(ElementLocation.java:59)
at org.openqa.selenium.remote.RemoteWebDriver.findElement(RemoteWebDriver.java:355)
at org.openqa.selenium.remote.RemoteWebDriver.findElement(RemoteWebDriver.java:349)
at TestCases.BaseTest.isElementPresent(BaseTest.java:275)
at TestCases.NavigationTest.searchNav(NavigationTest.java:162)
at java.base/java.util.concurrent.Executors$RunnableAdapter.call(Executors.java:545)
at java.base/java.util.concurrent.FutureTask.run(FutureTask.java:328)
at java.base/java.util.concurrent.ThreadPoolExecutor.runWorker(ThreadPoolExecutor.java:1090)
at java.base/java.util.concurrent.ThreadPoolExecutor$Worker.run(ThreadPoolExecutor.java:614)
at java.base/java.lang.Thread.run(Thread.java:1474)
... Removed 14 stack frames]]>
    </failure>
  </testcase> <!-- searchNav -->
  <testcase classname="TestCases.SubServicesTest" name="testGames" time="7.728"/>
  <testcase classname="TestCases.ShowTest" name="episodeDetails" time="9.397"/>
  <testcase classname="TestCases.SubServicesTest" name="testStore" time="2.257">
    <failure type="org.openqa.selenium.ElementClickInterceptedException" message="element click intercepted: Element &amp;lt;a href=&amp;quot;https://store.crunchyroll.com/&amp;quot; target=&amp;quot;&amp;quot; rel=&amp;quot;&amp;quot; class=&amp;quot;menu-item-title&amp;quot;&amp;gt;...&amp;lt;/a&amp;gt; is not clickable at point (144, 799). Other element would receive the click: &amp;lt;div id=&amp;quot;onetrust-policy-text&amp;quot;&amp;gt;...&amp;lt;/div&amp;gt;
  (Session info: chrome=147.0.7727.101)
Build info: version: &amp;apos;4.20.0&amp;apos;, revision: &amp;apos;866c76ca80&amp;apos;
System info: os.name: &amp;apos;Windows 11&amp;apos;, os.arch: &amp;apos;amd64&amp;apos;, os.version: &amp;apos;10.0&amp;apos;, java.version: &amp;apos;25.0.2&amp;apos;
Driver info: org.openqa.selenium.chrome.ChromeDriver
Command: [783c591dad066c149fda4d4accf8b513, clickElement {id=f.2DA626167E47079E35F8EFA3C2D295DF.d.442EFA911C0A326C3E26552A5D098089.e.3545}]
Capabilities {acceptInsecureCerts: false, browserName: chrome, browserVersion: 147.0.7727.101, chrome: {chromedriverVersion: 147.0.7727.57 (b4f28b5637d0..., userDataDir: C:\Users\sebst\AppData\Loca...}, fedcm:accounts: true, goog:chromeOptions: {debuggerAddress: localhost:55189}, goog:processID: 14496, networkConnectionEnabled: false, pageLoadStrategy: normal, platformName: windows, proxy: Proxy(), se:cdp: ws://localhost:55189/devtoo..., se:cdpVersion: 147.0.7727.101, setWindowRect: true, strictFileInteractability: false, timeouts: {implicit: 0, pageLoad: 300000, script: 30000}, unhandledPromptBehavior: dismiss and notify, webauthn:extension:credBlob: true, webauthn:extension:largeBlob: true, webauthn:extension:minPinLength: true, webauthn:extension:prf: true, webauthn:virtualAuthenticators: true}
Element: [[ChromeDriver: chrome on windows (783c591dad066c149fda4d4accf8b513)] -&amp;gt; css selector: li.menu-item a.menu-item-title[href=&amp;apos;https://store.crunchyroll.com/&amp;apos;]]
Session ID: 783c591dad066c149fda4d4accf8b513">
      <![CDATA[org.openqa.selenium.ElementClickInterceptedException: element click intercepted: Element <a href="https://store.crunchyroll.com/" target="" rel="" class="menu-item-title">...</a> is not clickable at point (144, 799). Other element would receive the click: <div id="onetrust-policy-text">...</div>
  (Session info: chrome=147.0.7727.101)
Build info: version: '4.20.0', revision: '866c76ca80'
System info: os.name: 'Windows 11', os.arch: 'amd64', os.version: '10.0', java.version: '25.0.2'
Driver info: org.openqa.selenium.chrome.ChromeDriver
Command: [783c591dad066c149fda4d4accf8b513, clickElement {id=f.2DA626167E47079E35F8EFA3C2D295DF.d.442EFA911C0A326C3E26552A5D098089.e.3545}]
Capabilities {acceptInsecureCerts: false, browserName: chrome, browserVersion: 147.0.7727.101, chrome: {chromedriverVersion: 147.0.7727.57 (b4f28b5637d0..., userDataDir: C:\Users\sebst\AppData\Loca...}, fedcm:accounts: true, goog:chromeOptions: {debuggerAddress: localhost:55189}, goog:processID: 14496, networkConnectionEnabled: false, pageLoadStrategy: normal, platformName: windows, proxy: Proxy(), se:cdp: ws://localhost:55189/devtoo..., se:cdpVersion: 147.0.7727.101, setWindowRect: true, strictFileInteractability: false, timeouts: {implicit: 0, pageLoad: 300000, script: 30000}, unhandledPromptBehavior: dismiss and notify, webauthn:extension:credBlob: true, webauthn:extension:largeBlob: true, webauthn:extension:minPinLength: true, webauthn:extension:prf: true, webauthn:virtualAuthenticators: true}
Element: [[ChromeDriver: chrome on windows (783c591dad066c149fda4d4accf8b513)] -> css selector: li.menu-item a.menu-item-title[href='https://store.crunchyroll.com/']]
Session ID: 783c591dad066c149fda4d4accf8b513
at org.openqa.selenium.remote.ErrorCodec.decode(ErrorCodec.java:167)
at org.openqa.selenium.remote.codec.w3c.W3CHttpResponseCodec.decode(W3CHttpResponseCodec.java:138)
at org.openqa.selenium.remote.codec.w3c.W3CHttpResponseCodec.decode(W3CHttpResponseCodec.java:50)
at org.openqa.selenium.remote.HttpCommandExecutor.execute(HttpCommandExecutor.java:190)
at org.openqa.selenium.remote.service.DriverCommandExecutor.invokeExecute(DriverCommandExecutor.java:216)
at org.openqa.selenium.remote.service.DriverCommandExecutor.execute(DriverCommandExecutor.java:174)
at org.openqa.selenium.remote.RemoteWebDriver.execute(RemoteWebDriver.java:518)
at org.openqa.selenium.remote.RemoteWebElement.execute(RemoteWebElement.java:223)
at org.openqa.selenium.remote.RemoteWebElement.click(RemoteWebElement.java:76)
at TestCases.BaseTest.clickElement(BaseTest.java:280)
at TestCases.SubServicesTest.testStore(SubServicesTest.java:86)
at java.base/java.util.concurrent.Executors$RunnableAdapter.call(Executors.java:545)
at java.base/java.util.concurrent.FutureTask.run(FutureTask.java:328)
at java.base/java.util.concurrent.ThreadPoolExecutor.runWorker(ThreadPoolExecutor.java:1090)
at java.base/java.util.concurrent.ThreadPoolExecutor$Worker.run(ThreadPoolExecutor.java:614)
at java.base/java.lang.Thread.run(Thread.java:1474)
... Removed 14 stack frames]]>
    </failure>
  </testcase> <!-- testStore -->
  <testcase classname="TestCases.SubServicesTest" name="testAccountTransfer" time="0.0">
    <skipped/>
  </testcase> <!-- testAccountTransfer -->
  <testcase classname="TestCases.SubServicesTest" name="testNews" time="0.0">
    <skipped/>
  </testcase> <!-- testNews -->
  <testcase classname="TestCases.ShowTest" name="seasonsMenu" time="10.902"/>
  <testcase classname="TestCases.ShowTest" name="testPlayback" time="14.005"/>
  <testcase classname="TestCases.ShowTest" name="continueWatching" time="32.889"/>
  <testcase classname="TestCases.BaseTest" name="@BeforeSuite suiteSetUp" time="0.0">
    <ignored/>
  </testcase> <!-- @BeforeSuite suiteSetUp -->
  <testcase classname="TestCases.BaseTest" name="@AfterSuite suiteTearDown" time="0.0">
    <ignored/>
  </testcase> <!-- @AfterSuite suiteTearDown -->
  <testcase classname="TestCases.BaseTest" name="@AfterSuite suiteTearDown" time="0.0">
    <ignored/>
  </testcase> <!-- @AfterSuite suiteTearDown -->
  <testcase classname="TestCases.BaseTest" name="@BeforeSuite suiteSetUp" time="0.0">
    <ignored/>
  </testcase> <!-- @BeforeSuite suiteSetUp -->
  <testcase classname="TestCases.BaseTest" name="@AfterSuite suiteTearDown" time="0.0">
    <ignored/>
  </testcase> <!-- @AfterSuite suiteTearDown -->
  <testcase classname="TestCases.BaseTest" name="@BeforeSuite suiteSetUp" time="0.0">
    <ignored/>
  </testcase> <!-- @BeforeSuite suiteSetUp -->
  <testcase classname="TestCases.BaseTest" name="@BeforeSuite suiteSetUp" time="0.0">
    <ignored/>
  </testcase> <!-- @BeforeSuite suiteSetUp -->
  <testcase classname="TestCases.BaseTest" name="@BeforeSuite suiteSetUp" time="0.0">
    <ignored/>
  </testcase> <!-- @BeforeSuite suiteSetUp -->
  <testcase classname="TestCases.BaseTest" name="@AfterSuite suiteTearDown" time="0.0">
    <ignored/>
  </testcase> <!-- @AfterSuite suiteTearDown -->
  <testcase classname="TestCases.BaseTest" name="@AfterSuite suiteTearDown" time="0.0">
    <ignored/>
  </testcase> <!-- @AfterSuite suiteTearDown -->
  <testcase classname="TestCases.BaseTest" name="@BeforeSuite suiteSetUp" time="0.0">
    <ignored/>
  </testcase> <!-- @BeforeSuite suiteSetUp -->
  <testcase classname="TestCases.BaseTest" name="@AfterSuite suiteTearDown" time="0.0">
    <ignored/>
  </testcase> <!-- @AfterSuite suiteTearDown -->
</testsuite> <!-- ParallelTests -->
