<?xml version="1.0" encoding="UTF-8"?>
<!-- Generated by org.testng.reporters.JUnitXMLReporter -->
<testsuite ignored="14" hostname="DESKTOP-L6ECGGE" failures="9" tests="40" name="Command line test" time="89.661" errors="0" timestamp="2026-04-18T19:35:54 EDT">
  <testcase classname="TestCases.LoginTest" name="testButtons" time="2.609"/>
  <testcase classname="TestCases.LoginTest" name="testInputFields" time="2.069"/>
  <testcase classname="TestCases.LoginTest" name="testForgotPassword" time="2.013"/>
  <testcase classname="TestCases.LoginTest" name="testInvalidLogin" time="4.232"/>
  <testcase classname="TestCases.LoginTest" name="testValidLogin" time="11.563">
    <failure type="org.openqa.selenium.TimeoutException" message="Expected condition failed: waiting for condition to not be valid: url to contain &amp;quot;/login&amp;quot;. Current url: &amp;quot;https://sso.crunchyroll.com/login?return_url=%2Fauthorize%3Fclient_id%3Dnoaihdevm_6iyg0a8l0q%26redirect_uri%3Dhttps%253A%252F%252Fwww.crunchyroll.com%252Fcallback%26response_type%3Dcookie%26state%3D%252F&amp;quot; (tried for 10 second(s) with 500 milliseconds interval)
Build info: version: &amp;apos;4.20.0&amp;apos;, revision: &amp;apos;866c76ca80&amp;apos;
System info: os.name: &amp;apos;Windows 11&amp;apos;, os.arch: &amp;apos;amd64&amp;apos;, os.version: &amp;apos;10.0&amp;apos;, java.version: &amp;apos;25.0.2&amp;apos;
Driver info: org.openqa.selenium.chrome.ChromeDriver
Capabilities {acceptInsecureCerts: false, browserName: chrome, browserVersion: 147.0.7727.57, chrome: {chromedriverVersion: 147.0.7727.57 (b4f28b5637d0..., userDataDir: C:\Users\sebastian\Document...}, fedcm:accounts: true, goog:chromeOptions: {debuggerAddress: localhost:63755}, goog:processID: 11704, networkConnectionEnabled: false, pageLoadStrategy: normal, platformName: windows, proxy: Proxy(), se:cdp: ws://localhost:63755/devtoo..., se:cdpVersion: 147.0.7727.57, setWindowRect: true, strictFileInteractability: false, timeouts: {implicit: 0, pageLoad: 300000, script: 30000}, unhandledPromptBehavior: dismiss and notify, webauthn:extension:credBlob: true, webauthn:extension:largeBlob: true, webauthn:extension:minPinLength: true, webauthn:extension:prf: true, webauthn:virtualAuthenticators: true}
Session ID: 8f9b27c2ce1c48224845f842f5af2580">
      <![CDATA[org.openqa.selenium.TimeoutException: Expected condition failed: waiting for condition to not be valid: url to contain "/login". Current url: "https://sso.crunchyroll.com/login?return_url=%2Fauthorize%3Fclient_id%3Dnoaihdevm_6iyg0a8l0q%26redirect_uri%3Dhttps%253A%252F%252Fwww.crunchyroll.com%252Fcallback%26response_type%3Dcookie%26state%3D%252F" (tried for 10 second(s) with 500 milliseconds interval)
Build info: version: '4.20.0', revision: '866c76ca80'
System info: os.name: 'Windows 11', os.arch: 'amd64', os.version: '10.0', java.version: '25.0.2'
Driver info: org.openqa.selenium.chrome.ChromeDriver
Capabilities {acceptInsecureCerts: false, browserName: chrome, browserVersion: 147.0.7727.57, chrome: {chromedriverVersion: 147.0.7727.57 (b4f28b5637d0..., userDataDir: C:\Users\sebastian\Document...}, fedcm:accounts: true, goog:chromeOptions: {debuggerAddress: localhost:63755}, goog:processID: 11704, networkConnectionEnabled: false, pageLoadStrategy: normal, platformName: windows, proxy: Proxy(), se:cdp: ws://localhost:63755/devtoo..., se:cdpVersion: 147.0.7727.57, setWindowRect: true, strictFileInteractability: false, timeouts: {implicit: 0, pageLoad: 300000, script: 30000}, unhandledPromptBehavior: dismiss and notify, webauthn:extension:credBlob: true, webauthn:extension:largeBlob: true, webauthn:extension:minPinLength: true, webauthn:extension:prf: true, webauthn:virtualAuthenticators: true}
Session ID: 8f9b27c2ce1c48224845f842f5af2580
at org.openqa.selenium.support.ui.WebDriverWait.timeoutException(WebDriverWait.java:84)
at org.openqa.selenium.support.ui.FluentWait.until(FluentWait.java:228)
at TestCases.BaseTest.loginWithValidCredentials(BaseTest.java:261)
at TestCases.LoginTest.testValidLogin(LoginTest.java:104)
at java.base/java.util.ArrayList.forEach(ArrayList.java:1604)
at org.example.Main.main(Main.java:25)
... Removed 22 stack frames]]>
    </failure>
  </testcase> <!-- testValidLogin -->
  <testcase classname="TestCases.ProfileManagementTest" name="testLogout" time="0.007">
    <failure type="org.openqa.selenium.NoSuchElementException" message="no such element: Unable to locate element: {&amp;quot;method&amp;quot;:&amp;quot;css selector&amp;quot;,&amp;quot;selector&amp;quot;:&amp;quot;a.logout-link&amp;quot;}
  (Session info: chrome=147.0.7727.57)
For documentation on this error, please visit: https://www.selenium.dev/documentation/webdriver/troubleshooting/errors#no-such-element-exception
Build info: version: &amp;apos;4.20.0&amp;apos;, revision: &amp;apos;866c76ca80&amp;apos;
System info: os.name: &amp;apos;Windows 11&amp;apos;, os.arch: &amp;apos;amd64&amp;apos;, os.version: &amp;apos;10.0&amp;apos;, java.version: &amp;apos;25.0.2&amp;apos;
Driver info: org.openqa.selenium.chrome.ChromeDriver
Command: [8f9b27c2ce1c48224845f842f5af2580, findElement {using=css selector, value=a.logout-link}]
Capabilities {acceptInsecureCerts: false, browserName: chrome, browserVersion: 147.0.7727.57, chrome: {chromedriverVersion: 147.0.7727.57 (b4f28b5637d0..., userDataDir: C:\Users\sebastian\Document...}, fedcm:accounts: true, goog:chromeOptions: {debuggerAddress: localhost:63755}, goog:processID: 11704, networkConnectionEnabled: false, pageLoadStrategy: normal, platformName: windows, proxy: Proxy(), se:cdp: ws://localhost:63755/devtoo..., se:cdpVersion: 147.0.7727.57, setWindowRect: true, strictFileInteractability: false, timeouts: {implicit: 0, pageLoad: 300000, script: 30000}, unhandledPromptBehavior: dismiss and notify, webauthn:extension:credBlob: true, webauthn:extension:largeBlob: true, webauthn:extension:minPinLength: true, webauthn:extension:prf: true, webauthn:virtualAuthenticators: true}
Session ID: 8f9b27c2ce1c48224845f842f5af2580">
      <![CDATA[org.openqa.selenium.NoSuchElementException: no such element: Unable to locate element: {"method":"css selector","selector":"a.logout-link"}
  (Session info: chrome=147.0.7727.57)
For documentation on this error, please visit: https://www.selenium.dev/documentation/webdriver/troubleshooting/errors#no-such-element-exception
Build info: version: '4.20.0', revision: '866c76ca80'
System info: os.name: 'Windows 11', os.arch: 'amd64', os.version: '10.0', java.version: '25.0.2'
Driver info: org.openqa.selenium.chrome.ChromeDriver
Command: [8f9b27c2ce1c48224845f842f5af2580, findElement {using=css selector, value=a.logout-link}]
Capabilities {acceptInsecureCerts: false, browserName: chrome, browserVersion: 147.0.7727.57, chrome: {chromedriverVersion: 147.0.7727.57 (b4f28b5637d0..., userDataDir: C:\Users\sebastian\Document...}, fedcm:accounts: true, goog:chromeOptions: {debuggerAddress: localhost:63755}, goog:processID: 11704, networkConnectionEnabled: false, pageLoadStrategy: normal, platformName: windows, proxy: Proxy(), se:cdp: ws://localhost:63755/devtoo..., se:cdpVersion: 147.0.7727.57, setWindowRect: true, strictFileInteractability: false, timeouts: {implicit: 0, pageLoad: 300000, script: 30000}, unhandledPromptBehavior: dismiss and notify, webauthn:extension:credBlob: true, webauthn:extension:largeBlob: true, webauthn:extension:minPinLength: true, webauthn:extension:prf: true, webauthn:virtualAuthenticators: true}
Session ID: 8f9b27c2ce1c48224845f842f5af2580
at org.openqa.selenium.remote.ErrorCodec.decode(ErrorCodec.java:167)
at org.openqa.selenium.remote.codec.w3c.W3CHttpResponseCodec.decode(W3CHttpResponseCodec.java:138)
at org.openqa.selenium.remote.codec.w3c.W3CHttpResponseCodec.decode(W3CHttpResponseCodec.java:50)
at org.openqa.selenium.remote.HttpCommandExecutor.execute(HttpCommandExecutor.java:190)
at org.openqa.selenium.remote.service.DriverCommandExecutor.invokeExecute(DriverCommandExecutor.java:216)
at org.openqa.selenium.remote.service.DriverCommandExecutor.execute(DriverCommandExecutor.java:174)
at org.openqa.selenium.remote.RemoteWebDriver.execute(RemoteWebDriver.java:518)
at org.openqa.selenium.remote.ElementLocation$ElementFinder$2.findElement(ElementLocation.java:165)
at org.openqa.selenium.remote.ElementLocation.findElement(ElementLocation.java:59)
at org.openqa.selenium.remote.RemoteWebDriver.findElement(RemoteWebDriver.java:355)
at org.openqa.selenium.remote.RemoteWebDriver.findElement(RemoteWebDriver.java:349)
at TestCases.ProfileManagementTest.testLogout(ProfileManagementTest.java:18)
at java.base/java.util.ArrayList.forEach(ArrayList.java:1604)
at org.example.Main.main(Main.java:25)
... Removed 25 stack frames]]>
    </failure>
  </testcase> <!-- testLogout -->
  <testcase classname="TestCases.ProfileManagementTest" name="addNewUser" time="0.0">
    <skipped/>
  </testcase> <!-- addNewUser -->
  <testcase classname="TestCases.ProfileManagementTest" name="editUserProfile" time="0.0">
    <skipped/>
  </testcase> <!-- editUserProfile -->
  <testcase classname="TestCases.ProfileManagementTest" name="deleteUserProfile" time="0.0">
    <skipped/>
  </testcase> <!-- deleteUserProfile -->
  <testcase classname="TestCases.ProfileManagementTest" name="chooseProfile" time="0.0">
    <skipped/>
  </testcase> <!-- chooseProfile -->
  <testcase classname="TestCases.HomePageTest" name="titleANDlogo" time="0.015"/>
  <testcase classname="TestCases.HomePageTest" name="testCarousel" time="10.253">
    <failure type="org.openqa.selenium.TimeoutException" message="Expected condition failed: waiting for presence of any elements located by By.cssSelector: [class*=&amp;apos;erc-hero-carousel&amp;apos;], [class*=&amp;apos;hero-carousel&amp;apos;], [data-t*=&amp;apos;hero-carousel&amp;apos;] (tried for 10 second(s) with 500 milliseconds interval)
Build info: version: &amp;apos;4.20.0&amp;apos;, revision: &amp;apos;866c76ca80&amp;apos;
System info: os.name: &amp;apos;Windows 11&amp;apos;, os.arch: &amp;apos;amd64&amp;apos;, os.version: &amp;apos;10.0&amp;apos;, java.version: &amp;apos;25.0.2&amp;apos;
Driver info: org.openqa.selenium.chrome.ChromeDriver
Capabilities {acceptInsecureCerts: false, browserName: chrome, browserVersion: 147.0.7727.57, chrome: {chromedriverVersion: 147.0.7727.57 (b4f28b5637d0..., userDataDir: C:\Users\sebastian\Document...}, fedcm:accounts: true, goog:chromeOptions: {debuggerAddress: localhost:63755}, goog:processID: 11704, networkConnectionEnabled: false, pageLoadStrategy: normal, platformName: windows, proxy: Proxy(), se:cdp: ws://localhost:63755/devtoo..., se:cdpVersion: 147.0.7727.57, setWindowRect: true, strictFileInteractability: false, timeouts: {implicit: 0, pageLoad: 300000, script: 30000}, unhandledPromptBehavior: dismiss and notify, webauthn:extension:credBlob: true, webauthn:extension:largeBlob: true, webauthn:extension:minPinLength: true, webauthn:extension:prf: true, webauthn:virtualAuthenticators: true}
Session ID: 8f9b27c2ce1c48224845f842f5af2580">
      <![CDATA[org.openqa.selenium.TimeoutException: Expected condition failed: waiting for presence of any elements located by By.cssSelector: [class*='erc-hero-carousel'], [class*='hero-carousel'], [data-t*='hero-carousel'] (tried for 10 second(s) with 500 milliseconds interval)
Build info: version: '4.20.0', revision: '866c76ca80'
System info: os.name: 'Windows 11', os.arch: 'amd64', os.version: '10.0', java.version: '25.0.2'
Driver info: org.openqa.selenium.chrome.ChromeDriver
Capabilities {acceptInsecureCerts: false, browserName: chrome, browserVersion: 147.0.7727.57, chrome: {chromedriverVersion: 147.0.7727.57 (b4f28b5637d0..., userDataDir: C:\Users\sebastian\Document...}, fedcm:accounts: true, goog:chromeOptions: {debuggerAddress: localhost:63755}, goog:processID: 11704, networkConnectionEnabled: false, pageLoadStrategy: normal, platformName: windows, proxy: Proxy(), se:cdp: ws://localhost:63755/devtoo..., se:cdpVersion: 147.0.7727.57, setWindowRect: true, strictFileInteractability: false, timeouts: {implicit: 0, pageLoad: 300000, script: 30000}, unhandledPromptBehavior: dismiss and notify, webauthn:extension:credBlob: true, webauthn:extension:largeBlob: true, webauthn:extension:minPinLength: true, webauthn:extension:prf: true, webauthn:virtualAuthenticators: true}
Session ID: 8f9b27c2ce1c48224845f842f5af2580
at org.openqa.selenium.support.ui.WebDriverWait.timeoutException(WebDriverWait.java:84)
at org.openqa.selenium.support.ui.FluentWait.until(FluentWait.java:228)
at TestCases.HomePageTest.testCarousel(HomePageTest.java:69)
at java.base/java.util.ArrayList.forEach(ArrayList.java:1604)
at org.example.Main.main(Main.java:25)
... Removed 22 stack frames]]>
    </failure>
  </testcase> <!-- testCarousel -->
  <testcase classname="TestCases.HomePageTest" name="testFooterLinks" time="1.58">
    <failure type="java.lang.AssertionError" message="Footer should have more than 5 links, found: 4 expected [true] but found [false]">
      <![CDATA[java.lang.AssertionError: Footer should have more than 5 links, found: 4 expected [true] but found [false]
at TestCases.HomePageTest.testFooterLinks(HomePageTest.java:184)
at java.base/java.util.ArrayList.forEach(ArrayList.java:1604)
at org.example.Main.main(Main.java:25)
... Removed 25 stack frames]]>
    </failure>
  </testcase> <!-- testFooterLinks -->
  <testcase classname="TestCases.HomePageTest" name="testContinueWatching" time="0.0">
    <skipped/>
  </testcase> <!-- testContinueWatching -->
  <testcase classname="TestCases.HomePageTest" name="testHPcontent" time="0.0">
    <skipped/>
  </testcase> <!-- testHPcontent -->
  <testcase classname="TestCases.SearchTest" name="testSearchPage" time="10.274">
    <failure type="org.openqa.selenium.TimeoutException" message="Expected condition failed: waiting for element to be clickable: By.cssSelector: a[aria-label=&amp;apos;Search&amp;apos;][href*=&amp;apos;/search&amp;apos;][data-t=&amp;apos;search-svg&amp;apos;], a.erc-search-header-button-old, a[href=&amp;apos;/search&amp;apos;][aria-label=&amp;apos;Search&amp;apos;] (tried for 10 second(s) with 500 milliseconds interval)
Build info: version: &amp;apos;4.20.0&amp;apos;, revision: &amp;apos;866c76ca80&amp;apos;
System info: os.name: &amp;apos;Windows 11&amp;apos;, os.arch: &amp;apos;amd64&amp;apos;, os.version: &amp;apos;10.0&amp;apos;, java.version: &amp;apos;25.0.2&amp;apos;
Driver info: org.openqa.selenium.chrome.ChromeDriver
Capabilities {acceptInsecureCerts: false, browserName: chrome, browserVersion: 147.0.7727.57, chrome: {chromedriverVersion: 147.0.7727.57 (b4f28b5637d0..., userDataDir: C:\Users\sebastian\Document...}, fedcm:accounts: true, goog:chromeOptions: {debuggerAddress: localhost:63755}, goog:processID: 11704, networkConnectionEnabled: false, pageLoadStrategy: normal, platformName: windows, proxy: Proxy(), se:cdp: ws://localhost:63755/devtoo..., se:cdpVersion: 147.0.7727.57, setWindowRect: true, strictFileInteractability: false, timeouts: {implicit: 0, pageLoad: 300000, script: 30000}, unhandledPromptBehavior: dismiss and notify, webauthn:extension:credBlob: true, webauthn:extension:largeBlob: true, webauthn:extension:minPinLength: true, webauthn:extension:prf: true, webauthn:virtualAuthenticators: true}
Session ID: 8f9b27c2ce1c48224845f842f5af2580">
      <![CDATA[org.openqa.selenium.TimeoutException: Expected condition failed: waiting for element to be clickable: By.cssSelector: a[aria-label='Search'][href*='/search'][data-t='search-svg'], a.erc-search-header-button-old, a[href='/search'][aria-label='Search'] (tried for 10 second(s) with 500 milliseconds interval)
Build info: version: '4.20.0', revision: '866c76ca80'
System info: os.name: 'Windows 11', os.arch: 'amd64', os.version: '10.0', java.version: '25.0.2'
Driver info: org.openqa.selenium.chrome.ChromeDriver
Capabilities {acceptInsecureCerts: false, browserName: chrome, browserVersion: 147.0.7727.57, chrome: {chromedriverVersion: 147.0.7727.57 (b4f28b5637d0..., userDataDir: C:\Users\sebastian\Document...}, fedcm:accounts: true, goog:chromeOptions: {debuggerAddress: localhost:63755}, goog:processID: 11704, networkConnectionEnabled: false, pageLoadStrategy: normal, platformName: windows, proxy: Proxy(), se:cdp: ws://localhost:63755/devtoo..., se:cdpVersion: 147.0.7727.57, setWindowRect: true, strictFileInteractability: false, timeouts: {implicit: 0, pageLoad: 300000, script: 30000}, unhandledPromptBehavior: dismiss and notify, webauthn:extension:credBlob: true, webauthn:extension:largeBlob: true, webauthn:extension:minPinLength: true, webauthn:extension:prf: true, webauthn:virtualAuthenticators: true}
Session ID: 8f9b27c2ce1c48224845f842f5af2580
at org.openqa.selenium.support.ui.WebDriverWait.timeoutException(WebDriverWait.java:84)
at org.openqa.selenium.support.ui.FluentWait.until(FluentWait.java:228)
at TestCases.BaseTest.clickElement(BaseTest.java:235)
at TestCases.SearchTest.testSearchPage(SearchTest.java:69)
at java.base/java.util.ArrayList.forEach(ArrayList.java:1604)
at org.example.Main.main(Main.java:25)
... Removed 22 stack frames]]>
    </failure>
  </testcase> <!-- testSearchPage -->
  <testcase classname="TestCases.SearchTest" name="testEmptySearch" time="0.0">
    <skipped/>
  </testcase> <!-- testEmptySearch -->
  <testcase classname="TestCases.SearchTest" name="testSearch" time="0.0">
    <skipped/>
  </testcase> <!-- testSearch -->
  <testcase classname="TestCases.SearchTest" name="keywordSearch" time="0.0">
    <skipped/>
  </testcase> <!-- keywordSearch -->
  <testcase classname="TestCases.SearchTest" name="abbrevSearch" time="0.0">
    <skipped/>
  </testcase> <!-- abbrevSearch -->
  <testcase classname="TestCases.NavigationTest" name="testLogoNav" time="11.572">
    <failure type="org.openqa.selenium.TimeoutException" message="Expected condition failed: waiting for url to contain &amp;quot;/discover&amp;quot;. Current url: &amp;quot;https://www.crunchyroll.com/&amp;quot; (tried for 10 second(s) with 500 milliseconds interval)
Build info: version: &amp;apos;4.20.0&amp;apos;, revision: &amp;apos;866c76ca80&amp;apos;
System info: os.name: &amp;apos;Windows 11&amp;apos;, os.arch: &amp;apos;amd64&amp;apos;, os.version: &amp;apos;10.0&amp;apos;, java.version: &amp;apos;25.0.2&amp;apos;
Driver info: org.openqa.selenium.chrome.ChromeDriver
Capabilities {acceptInsecureCerts: false, browserName: chrome, browserVersion: 147.0.7727.57, chrome: {chromedriverVersion: 147.0.7727.57 (b4f28b5637d0..., userDataDir: C:\Users\sebastian\Document...}, fedcm:accounts: true, goog:chromeOptions: {debuggerAddress: localhost:63755}, goog:processID: 11704, networkConnectionEnabled: false, pageLoadStrategy: normal, platformName: windows, proxy: Proxy(), se:cdp: ws://localhost:63755/devtoo..., se:cdpVersion: 147.0.7727.57, setWindowRect: true, strictFileInteractability: false, timeouts: {implicit: 0, pageLoad: 300000, script: 30000}, unhandledPromptBehavior: dismiss and notify, webauthn:extension:credBlob: true, webauthn:extension:largeBlob: true, webauthn:extension:minPinLength: true, webauthn:extension:prf: true, webauthn:virtualAuthenticators: true}
Session ID: 8f9b27c2ce1c48224845f842f5af2580">
      <![CDATA[org.openqa.selenium.TimeoutException: Expected condition failed: waiting for url to contain "/discover". Current url: "https://www.crunchyroll.com/" (tried for 10 second(s) with 500 milliseconds interval)
Build info: version: '4.20.0', revision: '866c76ca80'
System info: os.name: 'Windows 11', os.arch: 'amd64', os.version: '10.0', java.version: '25.0.2'
Driver info: org.openqa.selenium.chrome.ChromeDriver
Capabilities {acceptInsecureCerts: false, browserName: chrome, browserVersion: 147.0.7727.57, chrome: {chromedriverVersion: 147.0.7727.57 (b4f28b5637d0..., userDataDir: C:\Users\sebastian\Document...}, fedcm:accounts: true, goog:chromeOptions: {debuggerAddress: localhost:63755}, goog:processID: 11704, networkConnectionEnabled: false, pageLoadStrategy: normal, platformName: windows, proxy: Proxy(), se:cdp: ws://localhost:63755/devtoo..., se:cdpVersion: 147.0.7727.57, setWindowRect: true, strictFileInteractability: false, timeouts: {implicit: 0, pageLoad: 300000, script: 30000}, unhandledPromptBehavior: dismiss and notify, webauthn:extension:credBlob: true, webauthn:extension:largeBlob: true, webauthn:extension:minPinLength: true, webauthn:extension:prf: true, webauthn:virtualAuthenticators: true}
Session ID: 8f9b27c2ce1c48224845f842f5af2580
at org.openqa.selenium.support.ui.WebDriverWait.timeoutException(WebDriverWait.java:84)
at org.openqa.selenium.support.ui.FluentWait.until(FluentWait.java:228)
at TestCases.NavigationTest.testLogoNav(NavigationTest.java:45)
at java.base/java.util.ArrayList.forEach(ArrayList.java:1604)
at org.example.Main.main(Main.java:25)
... Removed 22 stack frames]]>
    </failure>
  </testcase> <!-- testLogoNav -->
  <testcase classname="TestCases.NavigationTest" name="navLinks" time="0.0">
    <skipped/>
  </testcase> <!-- navLinks -->
  <testcase classname="TestCases.NavigationTest" name="watchlistNav" time="0.0">
    <skipped/>
  </testcase> <!-- watchlistNav -->
  <testcase classname="TestCases.NavigationTest" name="navByCategory" time="0.0">
    <skipped/>
  </testcase> <!-- navByCategory -->
  <testcase classname="TestCases.NavigationTest" name="searchNav" time="0.0">
    <skipped/>
  </testcase> <!-- searchNav -->
  <testcase classname="TestCases.SubServicesTest" name="testManga" time="10.328">
    <failure type="org.openqa.selenium.TimeoutException" message="Expected condition failed: waiting for element to be clickable: By.cssSelector: [data-t=&amp;apos;header-menu-manga&amp;apos;] (tried for 10 second(s) with 500 milliseconds interval)
Build info: version: &amp;apos;4.20.0&amp;apos;, revision: &amp;apos;866c76ca80&amp;apos;
System info: os.name: &amp;apos;Windows 11&amp;apos;, os.arch: &amp;apos;amd64&amp;apos;, os.version: &amp;apos;10.0&amp;apos;, java.version: &amp;apos;25.0.2&amp;apos;
Driver info: org.openqa.selenium.chrome.ChromeDriver
Capabilities {acceptInsecureCerts: false, browserName: chrome, browserVersion: 147.0.7727.57, chrome: {chromedriverVersion: 147.0.7727.57 (b4f28b5637d0..., userDataDir: C:\Users\sebastian\Document...}, fedcm:accounts: true, goog:chromeOptions: {debuggerAddress: localhost:63755}, goog:processID: 11704, networkConnectionEnabled: false, pageLoadStrategy: normal, platformName: windows, proxy: Proxy(), se:cdp: ws://localhost:63755/devtoo..., se:cdpVersion: 147.0.7727.57, setWindowRect: true, strictFileInteractability: false, timeouts: {implicit: 0, pageLoad: 300000, script: 30000}, unhandledPromptBehavior: dismiss and notify, webauthn:extension:credBlob: true, webauthn:extension:largeBlob: true, webauthn:extension:minPinLength: true, webauthn:extension:prf: true, webauthn:virtualAuthenticators: true}
Session ID: 8f9b27c2ce1c48224845f842f5af2580">
      <![CDATA[org.openqa.selenium.TimeoutException: Expected condition failed: waiting for element to be clickable: By.cssSelector: [data-t='header-menu-manga'] (tried for 10 second(s) with 500 milliseconds interval)
Build info: version: '4.20.0', revision: '866c76ca80'
System info: os.name: 'Windows 11', os.arch: 'amd64', os.version: '10.0', java.version: '25.0.2'
Driver info: org.openqa.selenium.chrome.ChromeDriver
Capabilities {acceptInsecureCerts: false, browserName: chrome, browserVersion: 147.0.7727.57, chrome: {chromedriverVersion: 147.0.7727.57 (b4f28b5637d0..., userDataDir: C:\Users\sebastian\Document...}, fedcm:accounts: true, goog:chromeOptions: {debuggerAddress: localhost:63755}, goog:processID: 11704, networkConnectionEnabled: false, pageLoadStrategy: normal, platformName: windows, proxy: Proxy(), se:cdp: ws://localhost:63755/devtoo..., se:cdpVersion: 147.0.7727.57, setWindowRect: true, strictFileInteractability: false, timeouts: {implicit: 0, pageLoad: 300000, script: 30000}, unhandledPromptBehavior: dismiss and notify, webauthn:extension:credBlob: true, webauthn:extension:largeBlob: true, webauthn:extension:minPinLength: true, webauthn:extension:prf: true, webauthn:virtualAuthenticators: true}
Session ID: 8f9b27c2ce1c48224845f842f5af2580
at org.openqa.selenium.support.ui.WebDriverWait.timeoutException(WebDriverWait.java:84)
at org.openqa.selenium.support.ui.FluentWait.until(FluentWait.java:228)
at TestCases.BaseTest.clickElement(BaseTest.java:235)
at TestCases.SubServicesTest.testManga(SubServicesTest.java:18)
at java.base/java.util.ArrayList.forEach(ArrayList.java:1604)
at org.example.Main.main(Main.java:25)
... Removed 22 stack frames]]>
    </failure>
  </testcase> <!-- testManga -->
  <testcase classname="TestCases.SubServicesTest" name="testGames" time="0.001">
    <skipped/>
  </testcase> <!-- testGames -->
  <testcase classname="TestCases.SubServicesTest" name="testStore" time="0.0">
    <skipped/>
  </testcase> <!-- testStore -->
  <testcase classname="TestCases.SubServicesTest" name="testAccountTransfer" time="0.0">
    <skipped/>
  </testcase> <!-- testAccountTransfer -->
  <testcase classname="TestCases.SubServicesTest" name="testNews" time="0.0">
    <skipped/>
  </testcase> <!-- testNews -->
  <testcase classname="TestCases.SettingsTest" name="testSettingsPageLoads" time="12.817">
    <failure type="org.openqa.selenium.TimeoutException" message="Expected condition failed: waiting for element to be clickable: By.cssSelector: [aria-label=&amp;apos;User Menu&amp;apos;][data-t=&amp;apos;header-tile&amp;apos;] (tried for 10 second(s) with 500 milliseconds interval)
Build info: version: &amp;apos;4.20.0&amp;apos;, revision: &amp;apos;866c76ca80&amp;apos;
System info: os.name: &amp;apos;Windows 11&amp;apos;, os.arch: &amp;apos;amd64&amp;apos;, os.version: &amp;apos;10.0&amp;apos;, java.version: &amp;apos;25.0.2&amp;apos;
Driver info: org.openqa.selenium.chrome.ChromeDriver
Capabilities {acceptInsecureCerts: false, browserName: chrome, browserVersion: 147.0.7727.57, chrome: {chromedriverVersion: 147.0.7727.57 (b4f28b5637d0..., userDataDir: C:\Users\sebastian\Document...}, fedcm:accounts: true, goog:chromeOptions: {debuggerAddress: localhost:63755}, goog:processID: 11704, networkConnectionEnabled: false, pageLoadStrategy: normal, platformName: windows, proxy: Proxy(), se:cdp: ws://localhost:63755/devtoo..., se:cdpVersion: 147.0.7727.57, setWindowRect: true, strictFileInteractability: false, timeouts: {implicit: 0, pageLoad: 300000, script: 30000}, unhandledPromptBehavior: dismiss and notify, webauthn:extension:credBlob: true, webauthn:extension:largeBlob: true, webauthn:extension:minPinLength: true, webauthn:extension:prf: true, webauthn:virtualAuthenticators: true}
Session ID: 8f9b27c2ce1c48224845f842f5af2580">
      <![CDATA[org.openqa.selenium.TimeoutException: Expected condition failed: waiting for element to be clickable: By.cssSelector: [aria-label='User Menu'][data-t='header-tile'] (tried for 10 second(s) with 500 milliseconds interval)
Build info: version: '4.20.0', revision: '866c76ca80'
System info: os.name: 'Windows 11', os.arch: 'amd64', os.version: '10.0', java.version: '25.0.2'
Driver info: org.openqa.selenium.chrome.ChromeDriver
Capabilities {acceptInsecureCerts: false, browserName: chrome, browserVersion: 147.0.7727.57, chrome: {chromedriverVersion: 147.0.7727.57 (b4f28b5637d0..., userDataDir: C:\Users\sebastian\Document...}, fedcm:accounts: true, goog:chromeOptions: {debuggerAddress: localhost:63755}, goog:processID: 11704, networkConnectionEnabled: false, pageLoadStrategy: normal, platformName: windows, proxy: Proxy(), se:cdp: ws://localhost:63755/devtoo..., se:cdpVersion: 147.0.7727.57, setWindowRect: true, strictFileInteractability: false, timeouts: {implicit: 0, pageLoad: 300000, script: 30000}, unhandledPromptBehavior: dismiss and notify, webauthn:extension:credBlob: true, webauthn:extension:largeBlob: true, webauthn:extension:minPinLength: true, webauthn:extension:prf: true, webauthn:virtualAuthenticators: true}
Session ID: 8f9b27c2ce1c48224845f842f5af2580
at org.openqa.selenium.support.ui.WebDriverWait.timeoutException(WebDriverWait.java:84)
at org.openqa.selenium.support.ui.FluentWait.until(FluentWait.java:228)
at TestCases.BaseTest.clickElement(BaseTest.java:235)
at TestCases.SettingsTest.testSettingsPageLoads(SettingsTest.java:67)
at java.base/java.util.ArrayList.forEach(ArrayList.java:1604)
at org.example.Main.main(Main.java:25)
... Removed 22 stack frames]]>
    </failure>
  </testcase> <!-- testSettingsPageLoads -->
  <testcase classname="TestCases.SettingsTest" name="testSubtitleLanguage" time="0.0">
    <skipped/>
  </testcase> <!-- testSubtitleLanguage -->
  <testcase classname="TestCases.SettingsTest" name="testNotifSettings" time="0.0">
    <skipped/>
  </testcase> <!-- testNotifSettings -->
  <testcase classname="TestCases.SettingsTest" name="testChangeAccountInfo" time="0.0">
    <skipped/>
  </testcase> <!-- testChangeAccountInfo -->
  <testcase classname="TestCases.SettingsTest" name="testCustomerSupport" time="0.0">
    <skipped/>
  </testcase> <!-- testCustomerSupport -->
  <testcase classname="TestCases.ShowTest" name="seriesInfo" time="10.289">
    <failure type="org.openqa.selenium.TimeoutException" message="Expected condition failed: waiting for element to be clickable: By.cssSelector: div.header-logo a.erc-logo[aria-label=&amp;apos;Crunchyroll logo&amp;apos;][href=&amp;apos;/discover&amp;apos;] (tried for 10 second(s) with 500 milliseconds interval)
Build info: version: &amp;apos;4.20.0&amp;apos;, revision: &amp;apos;866c76ca80&amp;apos;
System info: os.name: &amp;apos;Windows 11&amp;apos;, os.arch: &amp;apos;amd64&amp;apos;, os.version: &amp;apos;10.0&amp;apos;, java.version: &amp;apos;25.0.2&amp;apos;
Driver info: org.openqa.selenium.chrome.ChromeDriver
Capabilities {acceptInsecureCerts: false, browserName: chrome, browserVersion: 147.0.7727.57, chrome: {chromedriverVersion: 147.0.7727.57 (b4f28b5637d0..., userDataDir: C:\Users\sebastian\Document...}, fedcm:accounts: true, goog:chromeOptions: {debuggerAddress: localhost:63755}, goog:processID: 11704, networkConnectionEnabled: false, pageLoadStrategy: normal, platformName: windows, proxy: Proxy(), se:cdp: ws://localhost:63755/devtoo..., se:cdpVersion: 147.0.7727.57, setWindowRect: true, strictFileInteractability: false, timeouts: {implicit: 0, pageLoad: 300000, script: 30000}, unhandledPromptBehavior: dismiss and notify, webauthn:extension:credBlob: true, webauthn:extension:largeBlob: true, webauthn:extension:minPinLength: true, webauthn:extension:prf: true, webauthn:virtualAuthenticators: true}
Session ID: 8f9b27c2ce1c48224845f842f5af2580">
      <![CDATA[org.openqa.selenium.TimeoutException: Expected condition failed: waiting for element to be clickable: By.cssSelector: div.header-logo a.erc-logo[aria-label='Crunchyroll logo'][href='/discover'] (tried for 10 second(s) with 500 milliseconds interval)
Build info: version: '4.20.0', revision: '866c76ca80'
System info: os.name: 'Windows 11', os.arch: 'amd64', os.version: '10.0', java.version: '25.0.2'
Driver info: org.openqa.selenium.chrome.ChromeDriver
Capabilities {acceptInsecureCerts: false, browserName: chrome, browserVersion: 147.0.7727.57, chrome: {chromedriverVersion: 147.0.7727.57 (b4f28b5637d0..., userDataDir: C:\Users\sebastian\Document...}, fedcm:accounts: true, goog:chromeOptions: {debuggerAddress: localhost:63755}, goog:processID: 11704, networkConnectionEnabled: false, pageLoadStrategy: normal, platformName: windows, proxy: Proxy(), se:cdp: ws://localhost:63755/devtoo..., se:cdpVersion: 147.0.7727.57, setWindowRect: true, strictFileInteractability: false, timeouts: {implicit: 0, pageLoad: 300000, script: 30000}, unhandledPromptBehavior: dismiss and notify, webauthn:extension:credBlob: true, webauthn:extension:largeBlob: true, webauthn:extension:minPinLength: true, webauthn:extension:prf: true, webauthn:virtualAuthenticators: true}
Session ID: 8f9b27c2ce1c48224845f842f5af2580
at org.openqa.selenium.support.ui.WebDriverWait.timeoutException(WebDriverWait.java:84)
at org.openqa.selenium.support.ui.FluentWait.until(FluentWait.java:228)
at TestCases.ShowTest.seriesInfo(ShowTest.java:57)
at java.base/java.util.ArrayList.forEach(ArrayList.java:1604)
at org.example.Main.main(Main.java:25)
... Removed 22 stack frames]]>
    </failure>
  </testcase> <!-- seriesInfo -->
  <testcase classname="TestCases.ShowTest" name="episodeDetails" time="0.0">
    <skipped/>
  </testcase> <!-- episodeDetails -->
  <testcase classname="TestCases.ShowTest" name="seasonsMenu" time="0.0">
    <skipped/>
  </testcase> <!-- seasonsMenu -->
  <testcase classname="TestCases.ShowTest" name="testPlayback" time="0.0">
    <skipped/>
  </testcase> <!-- testPlayback -->
  <testcase classname="TestCases.ShowTest" name="continueWatching" time="0.0">
    <skipped/>
  </testcase> <!-- continueWatching -->
  <testcase classname="TestCases.BaseTest" name="@AfterSuite suiteTearDown" time="0.0">
    <ignored/>
  </testcase> <!-- @AfterSuite suiteTearDown -->
  <testcase classname="TestCases.BaseTest" name="@BeforeSuite suiteSetUp" time="0.0">
    <ignored/>
  </testcase> <!-- @BeforeSuite suiteSetUp -->
  <testcase classname="TestCases.BaseTest" name="@BeforeSuite suiteSetUp" time="0.0">
    <ignored/>
  </testcase> <!-- @BeforeSuite suiteSetUp -->
  <testcase classname="TestCases.BaseTest" name="@BeforeSuite suiteSetUp" time="0.0">
    <ignored/>
  </testcase> <!-- @BeforeSuite suiteSetUp -->
  <testcase classname="TestCases.BaseTest" name="@BeforeSuite suiteSetUp" time="0.0">
    <ignored/>
  </testcase> <!-- @BeforeSuite suiteSetUp -->
  <testcase classname="TestCases.BaseTest" name="@AfterSuite suiteTearDown" time="0.0">
    <ignored/>
  </testcase> <!-- @AfterSuite suiteTearDown -->
  <testcase classname="TestCases.BaseTest" name="@AfterSuite suiteTearDown" time="0.0">
    <ignored/>
  </testcase> <!-- @AfterSuite suiteTearDown -->
  <testcase classname="TestCases.BaseTest" name="@AfterSuite suiteTearDown" time="0.0">
    <ignored/>
  </testcase> <!-- @AfterSuite suiteTearDown -->
  <testcase classname="TestCases.BaseTest" name="@AfterSuite suiteTearDown" time="0.0">
    <ignored/>
  </testcase> <!-- @AfterSuite suiteTearDown -->
  <testcase classname="TestCases.BaseTest" name="@BeforeSuite suiteSetUp" time="0.0">
    <ignored/>
  </testcase> <!-- @BeforeSuite suiteSetUp -->
  <testcase classname="TestCases.BaseTest" name="@BeforeSuite suiteSetUp" time="0.0">
    <ignored/>
  </testcase> <!-- @BeforeSuite suiteSetUp -->
  <testcase classname="TestCases.BaseTest" name="@AfterSuite suiteTearDown" time="0.0">
    <ignored/>
  </testcase> <!-- @AfterSuite suiteTearDown -->
  <testcase classname="TestCases.BaseTest" name="@BeforeSuite suiteSetUp" time="0.0">
    <ignored/>
  </testcase> <!-- @BeforeSuite suiteSetUp -->
  <testcase classname="TestCases.BaseTest" name="@AfterSuite suiteTearDown" time="0.0">
    <ignored/>
  </testcase> <!-- @AfterSuite suiteTearDown -->
</testsuite> <!-- Command line test -->
