<?xml version="1.0" encoding="UTF-8"?>
<!-- Generated by org.testng.reporters.JUnitXMLReporter -->
<testsuite ignored="14" hostname="DESKTOP-L6ECGGE" failures="5" tests="37" name="Command line test" time="181.018" errors="0" timestamp="2026-04-16T00:03:57 EDT">
  <testcase classname="TestCases.LoginTest" name="testButtons" time="2.211"/>
  <testcase classname="TestCases.LoginTest" name="testInputFields" time="2.066"/>
  <testcase classname="TestCases.LoginTest" name="testValidLogin" time="5.633"/>
  <testcase classname="TestCases.ProfileManagementTest" name="addNewUser" time="20.552"/>
  <testcase classname="TestCases.ProfileManagementTest" name="editUserProfile" time="10.906"/>
  <testcase classname="TestCases.ProfileManagementTest" name="deleteUserProfile" time="2.816"/>
  <testcase classname="TestCases.ProfileManagementTest" name="chooseProfile" time="4.314"/>
  <testcase classname="TestCases.HomePageTest" name="titleANDlogo" time="0.089"/>
  <testcase classname="TestCases.HomePageTest" name="testCarousel" time="2.235"/>
  <testcase classname="TestCases.HomePageTest" name="testFooterLinks" time="2.552"/>
  <testcase classname="TestCases.HomePageTest" name="testContinueWatching" time="3.596"/>
  <testcase classname="TestCases.HomePageTest" name="testHPcontent" time="4.293"/>
  <testcase classname="TestCases.SearchTest" name="testSearchPage" time="5.473"/>
  <testcase classname="TestCases.SearchTest" name="testEmptySearch" time="5.085"/>
  <testcase classname="TestCases.SearchTest" name="testSearch" time="13.112"/>
  <testcase classname="TestCases.SearchTest" name="keywordSearch" time="13.105"/>
  <testcase classname="TestCases.SearchTest" name="abbrevSearch" time="8.198">
    <failure type="java.lang.AssertionError" message="Abbreviation &amp;apos;jjk&amp;apos; did not match &amp;apos;Jujutsu Kaisen&amp;apos; – Crunchyroll does not support abbreviation search expected [true] but found [false]">
      <![CDATA[java.lang.AssertionError: Abbreviation 'jjk' did not match 'Jujutsu Kaisen' – Crunchyroll does not support abbreviation search expected [true] but found [false]
at TestCases.SearchTest.abbrevSearch(SearchTest.java:176)
at java.base/java.util.ArrayList.forEach(ArrayList.java:1604)
at org.example.Main.main(Main.java:25)
... Removed 25 stack frames]]>
    </failure>
  </testcase> <!-- abbrevSearch -->
  <testcase classname="TestCases.NavigationTest" name="testLogoNav" time="4.91"/>
  <testcase classname="TestCases.NavigationTest" name="navLinks" time="7.952"/>
  <testcase classname="TestCases.NavigationTest" name="watchlistNav" time="6.49"/>
  <testcase classname="TestCases.NavigationTest" name="navByCategory" time="4.968"/>
  <testcase classname="TestCases.NavigationTest" name="searchNav" time="4.008"/>
  <testcase classname="TestCases.SubServicesTest" name="testManga" time="14.077"/>
  <testcase classname="TestCases.SubServicesTest" name="testGames" time="7.554"/>
  <testcase classname="TestCases.SubServicesTest" name="testStore" time="1.083">
    <failure type="org.openqa.selenium.ElementClickInterceptedException" message="element click intercepted: Element &amp;lt;span class=&amp;quot;menu-title&amp;quot;&amp;gt;...&amp;lt;/span&amp;gt; is not clickable at point (75, 29). Other element would receive the click: &amp;lt;div tabindex=&amp;quot;0&amp;quot; class=&amp;quot;menu-tab css-1vosem4 ezacybv0&amp;quot;&amp;gt;&amp;lt;/div&amp;gt;
  (Session info: chrome=147.0.7727.57)
Build info: version: &amp;apos;4.20.0&amp;apos;, revision: &amp;apos;866c76ca80&amp;apos;
System info: os.name: &amp;apos;Windows 11&amp;apos;, os.arch: &amp;apos;amd64&amp;apos;, os.version: &amp;apos;10.0&amp;apos;, java.version: &amp;apos;25.0.2&amp;apos;
Driver info: org.openqa.selenium.chrome.ChromeDriver
Command: [f1252d0d24f5ece12556db01529b1533, clickElement {id=f.194818C11CC7A830593721D2905EF8E6.d.3797673A5263CFA1461DB85D847677C2.e.21588}]
Capabilities {acceptInsecureCerts: false, browserName: chrome, browserVersion: 147.0.7727.57, chrome: {chromedriverVersion: 147.0.7727.56 (b28eac7a1a97..., userDataDir: C:\Users\sebastian\Document...}, fedcm:accounts: true, goog:chromeOptions: {debuggerAddress: localhost:51771}, goog:processID: 17940, networkConnectionEnabled: false, pageLoadStrategy: normal, platformName: windows, proxy: Proxy(), se:cdp: ws://localhost:51771/devtoo..., se:cdpVersion: 147.0.7727.57, setWindowRect: true, strictFileInteractability: false, timeouts: {implicit: 0, pageLoad: 300000, script: 30000}, unhandledPromptBehavior: dismiss and notify, webauthn:extension:credBlob: true, webauthn:extension:largeBlob: true, webauthn:extension:minPinLength: true, webauthn:extension:prf: true, webauthn:virtualAuthenticators: true}
Element: [[ChromeDriver: chrome on windows (f1252d0d24f5ece12556db01529b1533)] -&amp;gt; css selector: span.menu-title]
Session ID: f1252d0d24f5ece12556db01529b1533">
      <![CDATA[org.openqa.selenium.ElementClickInterceptedException: element click intercepted: Element <span class="menu-title">...</span> is not clickable at point (75, 29). Other element would receive the click: <div tabindex="0" class="menu-tab css-1vosem4 ezacybv0"></div>
  (Session info: chrome=147.0.7727.57)
Build info: version: '4.20.0', revision: '866c76ca80'
System info: os.name: 'Windows 11', os.arch: 'amd64', os.version: '10.0', java.version: '25.0.2'
Driver info: org.openqa.selenium.chrome.ChromeDriver
Command: [f1252d0d24f5ece12556db01529b1533, clickElement {id=f.194818C11CC7A830593721D2905EF8E6.d.3797673A5263CFA1461DB85D847677C2.e.21588}]
Capabilities {acceptInsecureCerts: false, browserName: chrome, browserVersion: 147.0.7727.57, chrome: {chromedriverVersion: 147.0.7727.56 (b28eac7a1a97..., userDataDir: C:\Users\sebastian\Document...}, fedcm:accounts: true, goog:chromeOptions: {debuggerAddress: localhost:51771}, goog:processID: 17940, networkConnectionEnabled: false, pageLoadStrategy: normal, platformName: windows, proxy: Proxy(), se:cdp: ws://localhost:51771/devtoo..., se:cdpVersion: 147.0.7727.57, setWindowRect: true, strictFileInteractability: false, timeouts: {implicit: 0, pageLoad: 300000, script: 30000}, unhandledPromptBehavior: dismiss and notify, webauthn:extension:credBlob: true, webauthn:extension:largeBlob: true, webauthn:extension:minPinLength: true, webauthn:extension:prf: true, webauthn:virtualAuthenticators: true}
Element: [[ChromeDriver: chrome on windows (f1252d0d24f5ece12556db01529b1533)] -> css selector: span.menu-title]
Session ID: f1252d0d24f5ece12556db01529b1533
at org.openqa.selenium.remote.ErrorCodec.decode(ErrorCodec.java:167)
at org.openqa.selenium.remote.codec.w3c.W3CHttpResponseCodec.decode(W3CHttpResponseCodec.java:138)
at org.openqa.selenium.remote.codec.w3c.W3CHttpResponseCodec.decode(W3CHttpResponseCodec.java:50)
at org.openqa.selenium.remote.HttpCommandExecutor.execute(HttpCommandExecutor.java:190)
at org.openqa.selenium.remote.service.DriverCommandExecutor.invokeExecute(DriverCommandExecutor.java:216)
at org.openqa.selenium.remote.service.DriverCommandExecutor.execute(DriverCommandExecutor.java:174)
at org.openqa.selenium.remote.RemoteWebDriver.execute(RemoteWebDriver.java:518)
at org.openqa.selenium.remote.RemoteWebElement.execute(RemoteWebElement.java:223)
at org.openqa.selenium.remote.RemoteWebElement.click(RemoteWebElement.java:76)
at TestCases.BaseTest.clickElement(BaseTest.java:253)
at TestCases.SubServicesTest.testStore(SubServicesTest.java:75)
at java.base/java.util.ArrayList.forEach(ArrayList.java:1604)
at org.example.Main.main(Main.java:25)
... Removed 25 stack frames]]>
    </failure>
  </testcase> <!-- testStore -->
  <testcase classname="TestCases.SubServicesTest" name="testAccountTransfer" time="0.0">
    <skipped/>
  </testcase> <!-- testAccountTransfer -->
  <testcase classname="TestCases.SubServicesTest" name="testNews" time="0.0">
    <skipped/>
  </testcase> <!-- testNews -->
  <testcase classname="TestCases.SettingsTest" name="testSettingsPageLoads" time="10.112">
    <failure type="org.openqa.selenium.TimeoutException" message="Expected condition failed: waiting for element to be clickable: By.cssSelector: [aria-label=&amp;apos;User Menu&amp;apos;][data-t=&amp;apos;header-tile&amp;apos;] (tried for 10 second(s) with 500 milliseconds interval)
Build info: version: &amp;apos;4.20.0&amp;apos;, revision: &amp;apos;866c76ca80&amp;apos;
System info: os.name: &amp;apos;Windows 11&amp;apos;, os.arch: &amp;apos;amd64&amp;apos;, os.version: &amp;apos;10.0&amp;apos;, java.version: &amp;apos;25.0.2&amp;apos;
Driver info: org.openqa.selenium.chrome.ChromeDriver
Capabilities {acceptInsecureCerts: false, browserName: chrome, browserVersion: 147.0.7727.57, chrome: {chromedriverVersion: 147.0.7727.56 (b28eac7a1a97..., userDataDir: C:\Users\sebastian\Document...}, fedcm:accounts: true, goog:chromeOptions: {debuggerAddress: localhost:51771}, goog:processID: 17940, networkConnectionEnabled: false, pageLoadStrategy: normal, platformName: windows, proxy: Proxy(), se:cdp: ws://localhost:51771/devtoo..., se:cdpVersion: 147.0.7727.57, setWindowRect: true, strictFileInteractability: false, timeouts: {implicit: 0, pageLoad: 300000, script: 30000}, unhandledPromptBehavior: dismiss and notify, webauthn:extension:credBlob: true, webauthn:extension:largeBlob: true, webauthn:extension:minPinLength: true, webauthn:extension:prf: true, webauthn:virtualAuthenticators: true}
Session ID: f1252d0d24f5ece12556db01529b1533">
      <![CDATA[org.openqa.selenium.TimeoutException: Expected condition failed: waiting for element to be clickable: By.cssSelector: [aria-label='User Menu'][data-t='header-tile'] (tried for 10 second(s) with 500 milliseconds interval)
Build info: version: '4.20.0', revision: '866c76ca80'
System info: os.name: 'Windows 11', os.arch: 'amd64', os.version: '10.0', java.version: '25.0.2'
Driver info: org.openqa.selenium.chrome.ChromeDriver
Capabilities {acceptInsecureCerts: false, browserName: chrome, browserVersion: 147.0.7727.57, chrome: {chromedriverVersion: 147.0.7727.56 (b28eac7a1a97..., userDataDir: C:\Users\sebastian\Document...}, fedcm:accounts: true, goog:chromeOptions: {debuggerAddress: localhost:51771}, goog:processID: 17940, networkConnectionEnabled: false, pageLoadStrategy: normal, platformName: windows, proxy: Proxy(), se:cdp: ws://localhost:51771/devtoo..., se:cdpVersion: 147.0.7727.57, setWindowRect: true, strictFileInteractability: false, timeouts: {implicit: 0, pageLoad: 300000, script: 30000}, unhandledPromptBehavior: dismiss and notify, webauthn:extension:credBlob: true, webauthn:extension:largeBlob: true, webauthn:extension:minPinLength: true, webauthn:extension:prf: true, webauthn:virtualAuthenticators: true}
Session ID: f1252d0d24f5ece12556db01529b1533
at org.openqa.selenium.support.ui.WebDriverWait.timeoutException(WebDriverWait.java:84)
at org.openqa.selenium.support.ui.FluentWait.until(FluentWait.java:228)
at TestCases.BaseTest.clickElement(BaseTest.java:253)
at TestCases.SettingsTest.testSettingsPageLoads(SettingsTest.java:63)
at java.base/java.util.ArrayList.forEach(ArrayList.java:1604)
at org.example.Main.main(Main.java:25)
... Removed 22 stack frames]]>
    </failure>
  </testcase> <!-- testSettingsPageLoads -->
  <testcase classname="TestCases.SettingsTest" name="testSubtitleLanguage" time="0.0">
    <skipped/>
  </testcase> <!-- testSubtitleLanguage -->
  <testcase classname="TestCases.SettingsTest" name="testNotifSettings" time="0.0">
    <skipped/>
  </testcase> <!-- testNotifSettings -->
  <testcase classname="TestCases.SettingsTest" name="testChangeAccountInfo" time="0.0">
    <skipped/>
  </testcase> <!-- testChangeAccountInfo -->
  <testcase classname="TestCases.SettingsTest" name="testCustomerSupport" time="0.0">
    <skipped/>
  </testcase> <!-- testCustomerSupport -->
  <testcase classname="TestCases.ShowTest" name="continueWatching" time="10.117">
    <failure type="org.openqa.selenium.TimeoutException" message="Expected condition failed: waiting for element to be clickable: By.cssSelector: a.erc-logo, a[href=&amp;apos;/discover&amp;apos;] (tried for 10 second(s) with 500 milliseconds interval)
Build info: version: &amp;apos;4.20.0&amp;apos;, revision: &amp;apos;866c76ca80&amp;apos;
System info: os.name: &amp;apos;Windows 11&amp;apos;, os.arch: &amp;apos;amd64&amp;apos;, os.version: &amp;apos;10.0&amp;apos;, java.version: &amp;apos;25.0.2&amp;apos;
Driver info: org.openqa.selenium.chrome.ChromeDriver
Capabilities {acceptInsecureCerts: false, browserName: chrome, browserVersion: 147.0.7727.57, chrome: {chromedriverVersion: 147.0.7727.56 (b28eac7a1a97..., userDataDir: C:\Users\sebastian\Document...}, fedcm:accounts: true, goog:chromeOptions: {debuggerAddress: localhost:51771}, goog:processID: 17940, networkConnectionEnabled: false, pageLoadStrategy: normal, platformName: windows, proxy: Proxy(), se:cdp: ws://localhost:51771/devtoo..., se:cdpVersion: 147.0.7727.57, setWindowRect: true, strictFileInteractability: false, timeouts: {implicit: 0, pageLoad: 300000, script: 30000}, unhandledPromptBehavior: dismiss and notify, webauthn:extension:credBlob: true, webauthn:extension:largeBlob: true, webauthn:extension:minPinLength: true, webauthn:extension:prf: true, webauthn:virtualAuthenticators: true}
Session ID: f1252d0d24f5ece12556db01529b1533">
      <![CDATA[org.openqa.selenium.TimeoutException: Expected condition failed: waiting for element to be clickable: By.cssSelector: a.erc-logo, a[href='/discover'] (tried for 10 second(s) with 500 milliseconds interval)
Build info: version: '4.20.0', revision: '866c76ca80'
System info: os.name: 'Windows 11', os.arch: 'amd64', os.version: '10.0', java.version: '25.0.2'
Driver info: org.openqa.selenium.chrome.ChromeDriver
Capabilities {acceptInsecureCerts: false, browserName: chrome, browserVersion: 147.0.7727.57, chrome: {chromedriverVersion: 147.0.7727.56 (b28eac7a1a97..., userDataDir: C:\Users\sebastian\Document...}, fedcm:accounts: true, goog:chromeOptions: {debuggerAddress: localhost:51771}, goog:processID: 17940, networkConnectionEnabled: false, pageLoadStrategy: normal, platformName: windows, proxy: Proxy(), se:cdp: ws://localhost:51771/devtoo..., se:cdpVersion: 147.0.7727.57, setWindowRect: true, strictFileInteractability: false, timeouts: {implicit: 0, pageLoad: 300000, script: 30000}, unhandledPromptBehavior: dismiss and notify, webauthn:extension:credBlob: true, webauthn:extension:largeBlob: true, webauthn:extension:minPinLength: true, webauthn:extension:prf: true, webauthn:virtualAuthenticators: true}
Session ID: f1252d0d24f5ece12556db01529b1533
at org.openqa.selenium.support.ui.WebDriverWait.timeoutException(WebDriverWait.java:84)
at org.openqa.selenium.support.ui.FluentWait.until(FluentWait.java:228)
at TestCases.BaseTest.clickElement(BaseTest.java:253)
at TestCases.ShowTest.continueWatching(ShowTest.java:230)
at java.base/java.util.ArrayList.forEach(ArrayList.java:1604)
at org.example.Main.main(Main.java:25)
... Removed 22 stack frames]]>
    </failure>
  </testcase> <!-- continueWatching -->
  <testcase classname="TestCases.ShowTest" name="seriesInfo" time="3.473">
    <failure type="org.openqa.selenium.ElementClickInterceptedException" message="element click intercepted: Element &amp;lt;a aria-label=&amp;quot;&amp;quot; tabindex=&amp;quot;-1&amp;quot; href=&amp;quot;/series/GRMG8ZQZR/one-piece&amp;quot; class=&amp;quot;browse-card__poster-wrapper--pU-AW&amp;quot; aria-hidden=&amp;quot;true&amp;quot;&amp;gt;...&amp;lt;/a&amp;gt; is not clickable at point (205, 880). Other element would receive the click: &amp;lt;div id=&amp;quot;onetrust-policy-text&amp;quot;&amp;gt;...&amp;lt;/div&amp;gt;
  (Session info: chrome=147.0.7727.57)
Build info: version: &amp;apos;4.20.0&amp;apos;, revision: &amp;apos;866c76ca80&amp;apos;
System info: os.name: &amp;apos;Windows 11&amp;apos;, os.arch: &amp;apos;amd64&amp;apos;, os.version: &amp;apos;10.0&amp;apos;, java.version: &amp;apos;25.0.2&amp;apos;
Driver info: org.openqa.selenium.chrome.ChromeDriver
Command: [f1252d0d24f5ece12556db01529b1533, clickElement {id=f.194818C11CC7A830593721D2905EF8E6.d.6D705C70A0BA8B9A4F47542FA0BADABB.e.21909}]
Capabilities {acceptInsecureCerts: false, browserName: chrome, browserVersion: 147.0.7727.57, chrome: {chromedriverVersion: 147.0.7727.56 (b28eac7a1a97..., userDataDir: C:\Users\sebastian\Document...}, fedcm:accounts: true, goog:chromeOptions: {debuggerAddress: localhost:51771}, goog:processID: 17940, networkConnectionEnabled: false, pageLoadStrategy: normal, platformName: windows, proxy: Proxy(), se:cdp: ws://localhost:51771/devtoo..., se:cdpVersion: 147.0.7727.57, setWindowRect: true, strictFileInteractability: false, timeouts: {implicit: 0, pageLoad: 300000, script: 30000}, unhandledPromptBehavior: dismiss and notify, webauthn:extension:credBlob: true, webauthn:extension:largeBlob: true, webauthn:extension:minPinLength: true, webauthn:extension:prf: true, webauthn:virtualAuthenticators: true}
Element: [[ChromeDriver: chrome on windows (f1252d0d24f5ece12556db01529b1533)] -&amp;gt; css selector: a[href=&amp;apos;/series/GRMG8ZQZR/one-piece&amp;apos;]]
Session ID: f1252d0d24f5ece12556db01529b1533">
      <![CDATA[org.openqa.selenium.ElementClickInterceptedException: element click intercepted: Element <a aria-label="" tabindex="-1" href="/series/GRMG8ZQZR/one-piece" class="browse-card__poster-wrapper--pU-AW" aria-hidden="true">...</a> is not clickable at point (205, 880). Other element would receive the click: <div id="onetrust-policy-text">...</div>
  (Session info: chrome=147.0.7727.57)
Build info: version: '4.20.0', revision: '866c76ca80'
System info: os.name: 'Windows 11', os.arch: 'amd64', os.version: '10.0', java.version: '25.0.2'
Driver info: org.openqa.selenium.chrome.ChromeDriver
Command: [f1252d0d24f5ece12556db01529b1533, clickElement {id=f.194818C11CC7A830593721D2905EF8E6.d.6D705C70A0BA8B9A4F47542FA0BADABB.e.21909}]
Capabilities {acceptInsecureCerts: false, browserName: chrome, browserVersion: 147.0.7727.57, chrome: {chromedriverVersion: 147.0.7727.56 (b28eac7a1a97..., userDataDir: C:\Users\sebastian\Document...}, fedcm:accounts: true, goog:chromeOptions: {debuggerAddress: localhost:51771}, goog:processID: 17940, networkConnectionEnabled: false, pageLoadStrategy: normal, platformName: windows, proxy: Proxy(), se:cdp: ws://localhost:51771/devtoo..., se:cdpVersion: 147.0.7727.57, setWindowRect: true, strictFileInteractability: false, timeouts: {implicit: 0, pageLoad: 300000, script: 30000}, unhandledPromptBehavior: dismiss and notify, webauthn:extension:credBlob: true, webauthn:extension:largeBlob: true, webauthn:extension:minPinLength: true, webauthn:extension:prf: true, webauthn:virtualAuthenticators: true}
Element: [[ChromeDriver: chrome on windows (f1252d0d24f5ece12556db01529b1533)] -> css selector: a[href='/series/GRMG8ZQZR/one-piece']]
Session ID: f1252d0d24f5ece12556db01529b1533
at org.openqa.selenium.remote.ErrorCodec.decode(ErrorCodec.java:167)
at org.openqa.selenium.remote.codec.w3c.W3CHttpResponseCodec.decode(W3CHttpResponseCodec.java:138)
at org.openqa.selenium.remote.codec.w3c.W3CHttpResponseCodec.decode(W3CHttpResponseCodec.java:50)
at org.openqa.selenium.remote.HttpCommandExecutor.execute(HttpCommandExecutor.java:190)
at org.openqa.selenium.remote.service.DriverCommandExecutor.invokeExecute(DriverCommandExecutor.java:216)
at org.openqa.selenium.remote.service.DriverCommandExecutor.execute(DriverCommandExecutor.java:174)
at org.openqa.selenium.remote.RemoteWebDriver.execute(RemoteWebDriver.java:518)
at org.openqa.selenium.remote.RemoteWebElement.execute(RemoteWebElement.java:223)
at org.openqa.selenium.remote.RemoteWebElement.click(RemoteWebElement.java:76)
at TestCases.BaseTest.clickElement(BaseTest.java:253)
at TestCases.ShowTest.seriesInfo(ShowTest.java:63)
at java.base/java.util.ArrayList.forEach(ArrayList.java:1604)
at org.example.Main.main(Main.java:25)
... Removed 25 stack frames]]>
    </failure>
  </testcase> <!-- seriesInfo -->
  <testcase classname="TestCases.ShowTest" name="episodeDetails" time="0.0">
    <skipped/>
  </testcase> <!-- episodeDetails -->
  <testcase classname="TestCases.ShowTest" name="seasonsMenu" time="0.0">
    <skipped/>
  </testcase> <!-- seasonsMenu -->
  <testcase classname="TestCases.ShowTest" name="testPlayback" time="0.0">
    <skipped/>
  </testcase> <!-- testPlayback -->
  <testcase classname="TestCases.BaseTest" name="@BeforeSuite suiteSetUp" time="0.0">
    <ignored/>
  </testcase> <!-- @BeforeSuite suiteSetUp -->
  <testcase classname="TestCases.BaseTest" name="@AfterSuite suiteTearDown" time="0.0">
    <ignored/>
  </testcase> <!-- @AfterSuite suiteTearDown -->
  <testcase classname="TestCases.BaseTest" name="@AfterSuite suiteTearDown" time="0.0">
    <ignored/>
  </testcase> <!-- @AfterSuite suiteTearDown -->
  <testcase classname="TestCases.BaseTest" name="@AfterSuite suiteTearDown" time="0.0">
    <ignored/>
  </testcase> <!-- @AfterSuite suiteTearDown -->
  <testcase classname="TestCases.BaseTest" name="@AfterSuite suiteTearDown" time="0.0">
    <ignored/>
  </testcase> <!-- @AfterSuite suiteTearDown -->
  <testcase classname="TestCases.BaseTest" name="@BeforeSuite suiteSetUp" time="0.0">
    <ignored/>
  </testcase> <!-- @BeforeSuite suiteSetUp -->
  <testcase classname="TestCases.BaseTest" name="@AfterSuite suiteTearDown" time="0.0">
    <ignored/>
  </testcase> <!-- @AfterSuite suiteTearDown -->
  <testcase classname="TestCases.BaseTest" name="@BeforeSuite suiteSetUp" time="0.0">
    <ignored/>
  </testcase> <!-- @BeforeSuite suiteSetUp -->
  <testcase classname="TestCases.BaseTest" name="@BeforeSuite suiteSetUp" time="0.0">
    <ignored/>
  </testcase> <!-- @BeforeSuite suiteSetUp -->
  <testcase classname="TestCases.BaseTest" name="@BeforeSuite suiteSetUp" time="0.0">
    <ignored/>
  </testcase> <!-- @BeforeSuite suiteSetUp -->
  <testcase classname="TestCases.BaseTest" name="@BeforeSuite suiteSetUp" time="0.0">
    <ignored/>
  </testcase> <!-- @BeforeSuite suiteSetUp -->
  <testcase classname="TestCases.BaseTest" name="@AfterSuite suiteTearDown" time="0.0">
    <ignored/>
  </testcase> <!-- @AfterSuite suiteTearDown -->
  <testcase classname="TestCases.BaseTest" name="@AfterSuite suiteTearDown" time="0.0">
    <ignored/>
  </testcase> <!-- @AfterSuite suiteTearDown -->
  <testcase classname="TestCases.BaseTest" name="@BeforeSuite suiteSetUp" time="0.0">
    <ignored/>
  </testcase> <!-- @BeforeSuite suiteSetUp -->
</testsuite> <!-- Command line test -->
