<?xml version="1.0" encoding="UTF-8"?>
<!-- Generated by org.testng.reporters.JUnitXMLReporter -->
<testsuite ignored="14" hostname="DESKTOP-L6ECGGE" failures="1" tests="38" name="Command line test" time="291.429" errors="0" timestamp="2026-04-16T12:06:55 EDT">
  <testcase classname="TestCases.LoginTest" name="testButtons" time="3.987"/>
  <testcase classname="TestCases.LoginTest" name="testInputFields" time="2.066"/>
  <testcase classname="TestCases.LoginTest" name="testForgotPassword" time="2.008"/>
  <testcase classname="TestCases.LoginTest" name="testValidLogin" time="4.767"/>
  <testcase classname="TestCases.ProfileManagementTest" name="addNewUser" time="15.428"/>
  <testcase classname="TestCases.ProfileManagementTest" name="editUserProfile" time="10.816"/>
  <testcase classname="TestCases.ProfileManagementTest" name="deleteUserProfile" time="2.835"/>
  <testcase classname="TestCases.ProfileManagementTest" name="chooseProfile" time="4.353"/>
  <testcase classname="TestCases.HomePageTest" name="titleANDlogo" time="0.132"/>
  <testcase classname="TestCases.HomePageTest" name="testCarousel" time="2.272"/>
  <testcase classname="TestCases.HomePageTest" name="testFooterLinks" time="2.492"/>
  <testcase classname="TestCases.HomePageTest" name="testContinueWatching" time="3.584"/>
  <testcase classname="TestCases.HomePageTest" name="testHPcontent" time="4.24"/>
  <testcase classname="TestCases.SearchTest" name="testSearchPage" time="5.387"/>
  <testcase classname="TestCases.SearchTest" name="testEmptySearch" time="5.082"/>
  <testcase classname="TestCases.SearchTest" name="testSearch" time="13.114"/>
  <testcase classname="TestCases.SearchTest" name="keywordSearch" time="13.106"/>
  <testcase classname="TestCases.SearchTest" name="abbrevSearch" time="8.188">
    <failure type="java.lang.AssertionError" message="Abbreviation &amp;apos;jjk&amp;apos; did not match &amp;apos;Jujutsu Kaisen&amp;apos; – Crunchyroll does not support abbreviation search expected [true] but found [false]">
      <![CDATA[java.lang.AssertionError: Abbreviation 'jjk' did not match 'Jujutsu Kaisen' – Crunchyroll does not support abbreviation search expected [true] but found [false]
at TestCases.SearchTest.abbrevSearch(SearchTest.java:176)
at java.base/java.util.ArrayList.forEach(ArrayList.java:1604)
at org.example.Main.main(Main.java:25)
... Removed 25 stack frames]]>
    </failure>
  </testcase> <!-- abbrevSearch -->
  <testcase classname="TestCases.NavigationTest" name="testLogoNav" time="4.957"/>
  <testcase classname="TestCases.NavigationTest" name="navLinks" time="7.822"/>
  <testcase classname="TestCases.NavigationTest" name="watchlistNav" time="6.604"/>
  <testcase classname="TestCases.NavigationTest" name="navByCategory" time="4.923"/>
  <testcase classname="TestCases.NavigationTest" name="searchNav" time="4.008"/>
  <testcase classname="TestCases.SubServicesTest" name="testManga" time="14.07"/>
  <testcase classname="TestCases.SubServicesTest" name="testGames" time="7.231"/>
  <testcase classname="TestCases.SubServicesTest" name="testStore" time="11.499"/>
  <testcase classname="TestCases.SubServicesTest" name="testAccountTransfer" time="9.143"/>
  <testcase classname="TestCases.SubServicesTest" name="testNews" time="11.015"/>
  <testcase classname="TestCases.SettingsTest" name="testSettingsPageLoads" time="5.813"/>
  <testcase classname="TestCases.SettingsTest" name="testSubtitleLanguage" time="3.706"/>
  <testcase classname="TestCases.SettingsTest" name="testNotifSettings" time="3.918"/>
  <testcase classname="TestCases.SettingsTest" name="testChangeAccountInfo" time="9.616"/>
  <testcase classname="TestCases.SettingsTest" name="testCustomerSupport" time="4.146"/>
  <testcase classname="TestCases.ShowTest" name="seriesInfo" time="14.058"/>
  <testcase classname="TestCases.ShowTest" name="episodeDetails" time="9.339"/>
  <testcase classname="TestCases.ShowTest" name="seasonsMenu" time="10.702"/>
  <testcase classname="TestCases.ShowTest" name="testPlayback" time="13.593"/>
  <testcase classname="TestCases.ShowTest" name="continueWatching" time="31.372"/>
  <testcase classname="TestCases.BaseTest" name="@BeforeSuite suiteSetUp" time="0.0">
    <ignored/>
  </testcase> <!-- @BeforeSuite suiteSetUp -->
  <testcase classname="TestCases.BaseTest" name="@BeforeSuite suiteSetUp" time="0.0">
    <ignored/>
  </testcase> <!-- @BeforeSuite suiteSetUp -->
  <testcase classname="TestCases.BaseTest" name="@AfterSuite suiteTearDown" time="0.0">
    <ignored/>
  </testcase> <!-- @AfterSuite suiteTearDown -->
  <testcase classname="TestCases.BaseTest" name="@BeforeSuite suiteSetUp" time="0.0">
    <ignored/>
  </testcase> <!-- @BeforeSuite suiteSetUp -->
  <testcase classname="TestCases.BaseTest" name="@AfterSuite suiteTearDown" time="0.0">
    <ignored/>
  </testcase> <!-- @AfterSuite suiteTearDown -->
  <testcase classname="TestCases.BaseTest" name="@BeforeSuite suiteSetUp" time="0.0">
    <ignored/>
  </testcase> <!-- @BeforeSuite suiteSetUp -->
  <testcase classname="TestCases.BaseTest" name="@AfterSuite suiteTearDown" time="0.0">
    <ignored/>
  </testcase> <!-- @AfterSuite suiteTearDown -->
  <testcase classname="TestCases.BaseTest" name="@AfterSuite suiteTearDown" time="0.0">
    <ignored/>
  </testcase> <!-- @AfterSuite suiteTearDown -->
  <testcase classname="TestCases.BaseTest" name="@AfterSuite suiteTearDown" time="0.0">
    <ignored/>
  </testcase> <!-- @AfterSuite suiteTearDown -->
  <testcase classname="TestCases.BaseTest" name="@AfterSuite suiteTearDown" time="0.0">
    <ignored/>
  </testcase> <!-- @AfterSuite suiteTearDown -->
  <testcase classname="TestCases.BaseTest" name="@BeforeSuite suiteSetUp" time="0.0">
    <ignored/>
  </testcase> <!-- @BeforeSuite suiteSetUp -->
  <testcase classname="TestCases.BaseTest" name="@AfterSuite suiteTearDown" time="0.0">
    <ignored/>
  </testcase> <!-- @AfterSuite suiteTearDown -->
  <testcase classname="TestCases.BaseTest" name="@BeforeSuite suiteSetUp" time="0.0">
    <ignored/>
  </testcase> <!-- @BeforeSuite suiteSetUp -->
  <testcase classname="TestCases.BaseTest" name="@BeforeSuite suiteSetUp" time="0.0">
    <ignored/>
  </testcase> <!-- @BeforeSuite suiteSetUp -->
</testsuite> <!-- Command line test -->
