<?xml version="1.0" encoding="UTF-8"?>
<!-- Generated by org.testng.reporters.JUnitXMLReporter -->
<testsuite ignored="14" hostname="DESKTOP-L6ECGGE" failures="4" tests="37" name="Command line test" time="230.62" errors="0" timestamp="2026-04-15T13:45:00 EDT">
  <testcase classname="TestCases.LoginTest" name="testButtons" time="2.299"/>
  <testcase classname="TestCases.LoginTest" name="testInputFields" time="2.061"/>
  <testcase classname="TestCases.LoginTest" name="testValidLogin" time="4.466"/>
  <testcase classname="TestCases.ProfileManagementTest" name="addNewUser" time="20.59"/>
  <testcase classname="TestCases.ProfileManagementTest" name="editUserProfile" time="10.758"/>
  <testcase classname="TestCases.ProfileManagementTest" name="deleteUserProfile" time="15.321">
    <failure type="org.openqa.selenium.TimeoutException" message="Expected condition failed: waiting for element to be clickable: By.cssSelector: [data-t=&amp;apos;delete-profile-btn&amp;apos;] (tried for 10 second(s) with 500 milliseconds interval)
Build info: version: &amp;apos;4.20.0&amp;apos;, revision: &amp;apos;866c76ca80&amp;apos;
System info: os.name: &amp;apos;Windows 11&amp;apos;, os.arch: &amp;apos;amd64&amp;apos;, os.version: &amp;apos;10.0&amp;apos;, java.version: &amp;apos;25.0.2&amp;apos;
Driver info: org.openqa.selenium.chrome.ChromeDriver
Capabilities {acceptInsecureCerts: false, browserName: chrome, browserVersion: 147.0.7727.56, chrome: {chromedriverVersion: 147.0.7727.56 (b28eac7a1a97..., userDataDir: C:\Users\sebastian\Document...}, fedcm:accounts: true, goog:chromeOptions: {debuggerAddress: localhost:58339}, goog:processID: 1340, networkConnectionEnabled: false, pageLoadStrategy: normal, platformName: windows, proxy: Proxy(), se:cdp: ws://localhost:58339/devtoo..., se:cdpVersion: 147.0.7727.56, setWindowRect: true, strictFileInteractability: false, timeouts: {implicit: 0, pageLoad: 300000, script: 30000}, unhandledPromptBehavior: dismiss and notify, webauthn:extension:credBlob: true, webauthn:extension:largeBlob: true, webauthn:extension:minPinLength: true, webauthn:extension:prf: true, webauthn:virtualAuthenticators: true}
Session ID: 801d3f51da5e77dc79fb19a8786dd20f">
      <![CDATA[org.openqa.selenium.TimeoutException: Expected condition failed: waiting for element to be clickable: By.cssSelector: [data-t='delete-profile-btn'] (tried for 10 second(s) with 500 milliseconds interval)
Build info: version: '4.20.0', revision: '866c76ca80'
System info: os.name: 'Windows 11', os.arch: 'amd64', os.version: '10.0', java.version: '25.0.2'
Driver info: org.openqa.selenium.chrome.ChromeDriver
Capabilities {acceptInsecureCerts: false, browserName: chrome, browserVersion: 147.0.7727.56, chrome: {chromedriverVersion: 147.0.7727.56 (b28eac7a1a97..., userDataDir: C:\Users\sebastian\Document...}, fedcm:accounts: true, goog:chromeOptions: {debuggerAddress: localhost:58339}, goog:processID: 1340, networkConnectionEnabled: false, pageLoadStrategy: normal, platformName: windows, proxy: Proxy(), se:cdp: ws://localhost:58339/devtoo..., se:cdpVersion: 147.0.7727.56, setWindowRect: true, strictFileInteractability: false, timeouts: {implicit: 0, pageLoad: 300000, script: 30000}, unhandledPromptBehavior: dismiss and notify, webauthn:extension:credBlob: true, webauthn:extension:largeBlob: true, webauthn:extension:minPinLength: true, webauthn:extension:prf: true, webauthn:virtualAuthenticators: true}
Session ID: 801d3f51da5e77dc79fb19a8786dd20f
at org.openqa.selenium.support.ui.WebDriverWait.timeoutException(WebDriverWait.java:84)
at org.openqa.selenium.support.ui.FluentWait.until(FluentWait.java:228)
at TestCases.BaseTest.clickElement(BaseTest.java:253)
at TestCases.ProfileManagementTest.deleteUserProfile(ProfileManagementTest.java:145)
at java.base/java.util.ArrayList.forEach(ArrayList.java:1604)
at org.example.Main.main(Main.java:25)
... Removed 22 stack frames]]>
    </failure>
  </testcase> <!-- deleteUserProfile -->
  <testcase classname="TestCases.ProfileManagementTest" name="chooseProfile" time="0.0">
    <skipped/>
  </testcase> <!-- chooseProfile -->
  <testcase classname="TestCases.HomePageTest" name="titleANDlogo" time="0.088"/>
  <testcase classname="TestCases.HomePageTest" name="testCarousel" time="2.258"/>
  <testcase classname="TestCases.HomePageTest" name="testFooterLinks" time="2.391"/>
  <testcase classname="TestCases.HomePageTest" name="testContinueWatching" time="3.58"/>
  <testcase classname="TestCases.HomePageTest" name="testHPcontent" time="4.225"/>
  <testcase classname="TestCases.SearchTest" name="testSearchPage" time="5.361"/>
  <testcase classname="TestCases.SearchTest" name="testEmptySearch" time="5.088"/>
  <testcase classname="TestCases.SearchTest" name="testSearch" time="13.114"/>
  <testcase classname="TestCases.SearchTest" name="keywordSearch" time="13.114"/>
  <testcase classname="TestCases.SearchTest" name="abbrevSearch" time="8.192">
    <failure type="java.lang.AssertionError" message="Abbreviation &amp;apos;jjk&amp;apos; did not match &amp;apos;Jujutsu Kaisen&amp;apos; – Crunchyroll does not support abbreviation search expected [true] but found [false]">
      <![CDATA[java.lang.AssertionError: Abbreviation 'jjk' did not match 'Jujutsu Kaisen' – Crunchyroll does not support abbreviation search expected [true] but found [false]
at TestCases.SearchTest.abbrevSearch(SearchTest.java:176)
at java.base/java.util.ArrayList.forEach(ArrayList.java:1604)
at org.example.Main.main(Main.java:25)
... Removed 25 stack frames]]>
    </failure>
  </testcase> <!-- abbrevSearch -->
  <testcase classname="TestCases.NavigationTest" name="testLogoNav" time="4.987"/>
  <testcase classname="TestCases.NavigationTest" name="navLinks" time="7.67"/>
  <testcase classname="TestCases.NavigationTest" name="watchlistNav" time="6.523"/>
  <testcase classname="TestCases.NavigationTest" name="navByCategory" time="4.914"/>
  <testcase classname="TestCases.NavigationTest" name="searchNav" time="4.007"/>
  <testcase classname="TestCases.SubServicesTest" name="testManga" time="11.8"/>
  <testcase classname="TestCases.SubServicesTest" name="testGames" time="18.816"/>
  <testcase classname="TestCases.SubServicesTest" name="testNews" time="11.952">
    <failure type="org.openqa.selenium.TimeoutException" message="Expected condition failed: waiting for element to be clickable: By.xpath: //button[@data-t=&amp;apos;profile-button&amp;apos;][.//p[@data-t=&amp;apos;profile-name&amp;apos; and normalize-space()=&amp;apos;Sebi&amp;apos;]] (tried for 10 second(s) with 500 milliseconds interval)
Build info: version: &amp;apos;4.20.0&amp;apos;, revision: &amp;apos;866c76ca80&amp;apos;
System info: os.name: &amp;apos;Windows 11&amp;apos;, os.arch: &amp;apos;amd64&amp;apos;, os.version: &amp;apos;10.0&amp;apos;, java.version: &amp;apos;25.0.2&amp;apos;
Driver info: org.openqa.selenium.chrome.ChromeDriver
Capabilities {acceptInsecureCerts: false, browserName: chrome, browserVersion: 147.0.7727.56, chrome: {chromedriverVersion: 147.0.7727.56 (b28eac7a1a97..., userDataDir: C:\Users\sebastian\Document...}, fedcm:accounts: true, goog:chromeOptions: {debuggerAddress: localhost:58339}, goog:processID: 1340, networkConnectionEnabled: false, pageLoadStrategy: normal, platformName: windows, proxy: Proxy(), se:cdp: ws://localhost:58339/devtoo..., se:cdpVersion: 147.0.7727.56, setWindowRect: true, strictFileInteractability: false, timeouts: {implicit: 0, pageLoad: 300000, script: 30000}, unhandledPromptBehavior: dismiss and notify, webauthn:extension:credBlob: true, webauthn:extension:largeBlob: true, webauthn:extension:minPinLength: true, webauthn:extension:prf: true, webauthn:virtualAuthenticators: true}
Session ID: 801d3f51da5e77dc79fb19a8786dd20f">
      <![CDATA[org.openqa.selenium.TimeoutException: Expected condition failed: waiting for element to be clickable: By.xpath: //button[@data-t='profile-button'][.//p[@data-t='profile-name' and normalize-space()='Sebi']] (tried for 10 second(s) with 500 milliseconds interval)
Build info: version: '4.20.0', revision: '866c76ca80'
System info: os.name: 'Windows 11', os.arch: 'amd64', os.version: '10.0', java.version: '25.0.2'
Driver info: org.openqa.selenium.chrome.ChromeDriver
Capabilities {acceptInsecureCerts: false, browserName: chrome, browserVersion: 147.0.7727.56, chrome: {chromedriverVersion: 147.0.7727.56 (b28eac7a1a97..., userDataDir: C:\Users\sebastian\Document...}, fedcm:accounts: true, goog:chromeOptions: {debuggerAddress: localhost:58339}, goog:processID: 1340, networkConnectionEnabled: false, pageLoadStrategy: normal, platformName: windows, proxy: Proxy(), se:cdp: ws://localhost:58339/devtoo..., se:cdpVersion: 147.0.7727.56, setWindowRect: true, strictFileInteractability: false, timeouts: {implicit: 0, pageLoad: 300000, script: 30000}, unhandledPromptBehavior: dismiss and notify, webauthn:extension:credBlob: true, webauthn:extension:largeBlob: true, webauthn:extension:minPinLength: true, webauthn:extension:prf: true, webauthn:virtualAuthenticators: true}
Session ID: 801d3f51da5e77dc79fb19a8786dd20f
at org.openqa.selenium.support.ui.WebDriverWait.timeoutException(WebDriverWait.java:84)
at org.openqa.selenium.support.ui.FluentWait.until(FluentWait.java:228)
at TestCases.SubServicesTest.testNews(SubServicesTest.java:107)
at java.base/java.util.ArrayList.forEach(ArrayList.java:1604)
at org.example.Main.main(Main.java:25)
... Removed 22 stack frames]]>
    </failure>
  </testcase> <!-- testNews -->
  <testcase classname="TestCases.SubServicesTest" name="testStore" time="0.0">
    <skipped/>
  </testcase> <!-- testStore -->
  <testcase classname="TestCases.SubServicesTest" name="testAccountTransfer" time="0.0">
    <skipped/>
  </testcase> <!-- testAccountTransfer -->
  <testcase classname="TestCases.SettingsTest" name="testSettingsPageLoads" time="3.368"/>
  <testcase classname="TestCases.SettingsTest" name="testSubtitleLanguage" time="3.697"/>
  <testcase classname="TestCases.SettingsTest" name="testNotifSettings" time="3.916"/>
  <testcase classname="TestCases.SettingsTest" name="testChangeAccountInfo" time="1.12"/>
  <testcase classname="TestCases.SettingsTest" name="testCustomerSupport" time="4.139"/>
  <testcase classname="TestCases.ShowTest" name="continueWatching" time="26.862"/>
  <testcase classname="TestCases.ShowTest" name="seriesInfo" time="3.91">
    <failure type="org.openqa.selenium.ElementClickInterceptedException" message="element click intercepted: Element &amp;lt;a aria-label=&amp;quot;&amp;quot; tabindex=&amp;quot;-1&amp;quot; href=&amp;quot;/series/GRMG8ZQZR/one-piece&amp;quot; class=&amp;quot;browse-card__poster-wrapper--pU-AW&amp;quot; aria-hidden=&amp;quot;true&amp;quot;&amp;gt;...&amp;lt;/a&amp;gt; is not clickable at point (205, 880). Other element would receive the click: &amp;lt;div id=&amp;quot;onetrust-policy-text&amp;quot;&amp;gt;...&amp;lt;/div&amp;gt;
  (Session info: chrome=147.0.7727.56)
Build info: version: &amp;apos;4.20.0&amp;apos;, revision: &amp;apos;866c76ca80&amp;apos;
System info: os.name: &amp;apos;Windows 11&amp;apos;, os.arch: &amp;apos;amd64&amp;apos;, os.version: &amp;apos;10.0&amp;apos;, java.version: &amp;apos;25.0.2&amp;apos;
Driver info: org.openqa.selenium.chrome.ChromeDriver
Command: [801d3f51da5e77dc79fb19a8786dd20f, clickElement {id=f.33EBBADE8377E70C0D7FBDADAE4D0DC6.d.5B1A9B7119662AB335D68167D360DD00.e.32730}]
Capabilities {acceptInsecureCerts: false, browserName: chrome, browserVersion: 147.0.7727.56, chrome: {chromedriverVersion: 147.0.7727.56 (b28eac7a1a97..., userDataDir: C:\Users\sebastian\Document...}, fedcm:accounts: true, goog:chromeOptions: {debuggerAddress: localhost:58339}, goog:processID: 1340, networkConnectionEnabled: false, pageLoadStrategy: normal, platformName: windows, proxy: Proxy(), se:cdp: ws://localhost:58339/devtoo..., se:cdpVersion: 147.0.7727.56, setWindowRect: true, strictFileInteractability: false, timeouts: {implicit: 0, pageLoad: 300000, script: 30000}, unhandledPromptBehavior: dismiss and notify, webauthn:extension:credBlob: true, webauthn:extension:largeBlob: true, webauthn:extension:minPinLength: true, webauthn:extension:prf: true, webauthn:virtualAuthenticators: true}
Element: [[ChromeDriver: chrome on windows (801d3f51da5e77dc79fb19a8786dd20f)] -&amp;gt; css selector: a[href=&amp;apos;/series/GRMG8ZQZR/one-piece&amp;apos;]]
Session ID: 801d3f51da5e77dc79fb19a8786dd20f">
      <![CDATA[org.openqa.selenium.ElementClickInterceptedException: element click intercepted: Element <a aria-label="" tabindex="-1" href="/series/GRMG8ZQZR/one-piece" class="browse-card__poster-wrapper--pU-AW" aria-hidden="true">...</a> is not clickable at point (205, 880). Other element would receive the click: <div id="onetrust-policy-text">...</div>
  (Session info: chrome=147.0.7727.56)
Build info: version: '4.20.0', revision: '866c76ca80'
System info: os.name: 'Windows 11', os.arch: 'amd64', os.version: '10.0', java.version: '25.0.2'
Driver info: org.openqa.selenium.chrome.ChromeDriver
Command: [801d3f51da5e77dc79fb19a8786dd20f, clickElement {id=f.33EBBADE8377E70C0D7FBDADAE4D0DC6.d.5B1A9B7119662AB335D68167D360DD00.e.32730}]
Capabilities {acceptInsecureCerts: false, browserName: chrome, browserVersion: 147.0.7727.56, chrome: {chromedriverVersion: 147.0.7727.56 (b28eac7a1a97..., userDataDir: C:\Users\sebastian\Document...}, fedcm:accounts: true, goog:chromeOptions: {debuggerAddress: localhost:58339}, goog:processID: 1340, networkConnectionEnabled: false, pageLoadStrategy: normal, platformName: windows, proxy: Proxy(), se:cdp: ws://localhost:58339/devtoo..., se:cdpVersion: 147.0.7727.56, setWindowRect: true, strictFileInteractability: false, timeouts: {implicit: 0, pageLoad: 300000, script: 30000}, unhandledPromptBehavior: dismiss and notify, webauthn:extension:credBlob: true, webauthn:extension:largeBlob: true, webauthn:extension:minPinLength: true, webauthn:extension:prf: true, webauthn:virtualAuthenticators: true}
Element: [[ChromeDriver: chrome on windows (801d3f51da5e77dc79fb19a8786dd20f)] -> css selector: a[href='/series/GRMG8ZQZR/one-piece']]
Session ID: 801d3f51da5e77dc79fb19a8786dd20f
at org.openqa.selenium.remote.ErrorCodec.decode(ErrorCodec.java:167)
at org.openqa.selenium.remote.codec.w3c.W3CHttpResponseCodec.decode(W3CHttpResponseCodec.java:138)
at org.openqa.selenium.remote.codec.w3c.W3CHttpResponseCodec.decode(W3CHttpResponseCodec.java:50)
at org.openqa.selenium.remote.HttpCommandExecutor.execute(HttpCommandExecutor.java:190)
at org.openqa.selenium.remote.service.DriverCommandExecutor.invokeExecute(DriverCommandExecutor.java:216)
at org.openqa.selenium.remote.service.DriverCommandExecutor.execute(DriverCommandExecutor.java:174)
at org.openqa.selenium.remote.RemoteWebDriver.execute(RemoteWebDriver.java:518)
at org.openqa.selenium.remote.RemoteWebElement.execute(RemoteWebElement.java:223)
at org.openqa.selenium.remote.RemoteWebElement.click(RemoteWebElement.java:76)
at TestCases.BaseTest.clickElement(BaseTest.java:253)
at TestCases.ShowTest.seriesInfo(ShowTest.java:63)
at java.base/java.util.ArrayList.forEach(ArrayList.java:1604)
at org.example.Main.main(Main.java:25)
... Removed 25 stack frames]]>
    </failure>
  </testcase> <!-- seriesInfo -->
  <testcase classname="TestCases.ShowTest" name="episodeDetails" time="0.0">
    <skipped/>
  </testcase> <!-- episodeDetails -->
  <testcase classname="TestCases.ShowTest" name="seasonsMenu" time="0.0">
    <skipped/>
  </testcase> <!-- seasonsMenu -->
  <testcase classname="TestCases.ShowTest" name="testPlayback" time="0.0">
    <skipped/>
  </testcase> <!-- testPlayback -->
  <testcase classname="TestCases.BaseTest" name="@AfterSuite suiteTearDown" time="0.0">
    <ignored/>
  </testcase> <!-- @AfterSuite suiteTearDown -->
  <testcase classname="TestCases.BaseTest" name="@AfterSuite suiteTearDown" time="0.0">
    <ignored/>
  </testcase> <!-- @AfterSuite suiteTearDown -->
  <testcase classname="TestCases.BaseTest" name="@AfterSuite suiteTearDown" time="0.0">
    <ignored/>
  </testcase> <!-- @AfterSuite suiteTearDown -->
  <testcase classname="TestCases.BaseTest" name="@BeforeSuite suiteSetUp" time="0.0">
    <ignored/>
  </testcase> <!-- @BeforeSuite suiteSetUp -->
  <testcase classname="TestCases.BaseTest" name="@AfterSuite suiteTearDown" time="0.0">
    <ignored/>
  </testcase> <!-- @AfterSuite suiteTearDown -->
  <testcase classname="TestCases.BaseTest" name="@AfterSuite suiteTearDown" time="0.0">
    <ignored/>
  </testcase> <!-- @AfterSuite suiteTearDown -->
  <testcase classname="TestCases.BaseTest" name="@BeforeSuite suiteSetUp" time="0.0">
    <ignored/>
  </testcase> <!-- @BeforeSuite suiteSetUp -->
  <testcase classname="TestCases.BaseTest" name="@BeforeSuite suiteSetUp" time="0.0">
    <ignored/>
  </testcase> <!-- @BeforeSuite suiteSetUp -->
  <testcase classname="TestCases.BaseTest" name="@BeforeSuite suiteSetUp" time="0.0">
    <ignored/>
  </testcase> <!-- @BeforeSuite suiteSetUp -->
  <testcase classname="TestCases.BaseTest" name="@BeforeSuite suiteSetUp" time="0.0">
    <ignored/>
  </testcase> <!-- @BeforeSuite suiteSetUp -->
  <testcase classname="TestCases.BaseTest" name="@AfterSuite suiteTearDown" time="0.0">
    <ignored/>
  </testcase> <!-- @AfterSuite suiteTearDown -->
  <testcase classname="TestCases.BaseTest" name="@BeforeSuite suiteSetUp" time="0.0">
    <ignored/>
  </testcase> <!-- @BeforeSuite suiteSetUp -->
  <testcase classname="TestCases.BaseTest" name="@BeforeSuite suiteSetUp" time="0.0">
    <ignored/>
  </testcase> <!-- @BeforeSuite suiteSetUp -->
  <testcase classname="TestCases.BaseTest" name="@AfterSuite suiteTearDown" time="0.0">
    <ignored/>
  </testcase> <!-- @AfterSuite suiteTearDown -->
</testsuite> <!-- Command line test -->
