<?xml version="1.0" encoding="UTF-8"?>
<!-- Generated by org.testng.reporters.JUnitXMLReporter -->
<testsuite ignored="0" hostname="DESKTOP-L6ECGGE" failures="0" tests="5" name="Command line test" time="12.092" errors="0" timestamp="2026-04-14T11:40:54 EDT">
  <testcase classname="TestCases.LoginTest" name="testButtons" time="2.314"/>
  <testcase classname="TestCases.LoginTest" name="testInputFields" time="2.067"/>
  <testcase classname="TestCases.LoginTest" name="testForgotPassword" time="0.007"/>
  <testcase classname="TestCases.LoginTest" name="testInvalidLogin" time="2.217"/>
  <testcase classname="TestCases.LoginTest" name="testValidLogin" time="5.468"/>
</testsuite> <!-- Command line test -->
