<?xml version="1.0" encoding="UTF-8"?>
<!-- Generated by org.testng.reporters.JUnitXMLReporter -->
<testsuite ignored="0" hostname="DESKTOP-L6ECGGE" failures="1" tests="5" name="Command line test" time="17.908" errors="0" timestamp="2026-04-14T01:58:06 EDT">
  <testcase classname="TestCases.LoginTest" name="testButtons" time="2.306"/>
  <testcase classname="TestCases.LoginTest" name="testInputFields" time="2.069"/>
  <testcase classname="TestCases.LoginTest" name="testForgotPassword" time="0.007"/>
  <testcase classname="TestCases.LoginTest" name="testInvalidLogin" time="2.193"/>
  <testcase classname="TestCases.LoginTest" name="testValidLogin" time="11.314">
    <failure type="org.openqa.selenium.TimeoutException" message="Expected condition failed: waiting for condition to not be valid: url to contain &amp;quot;/login&amp;quot;. Current url: &amp;quot;https://sso.crunchyroll.com/login?return_url=%2Fauthorize%3Fclient_id%3Dnoaihdevm_6iyg0a8l0q%26redirect_uri%3Dhttps%253A%252F%252Fwww.crunchyroll.com%252Fcallback%26response_type%3Dcookie%26state%3D%252F&amp;quot; (tried for 10 second(s) with 500 milliseconds interval)
Build info: version: &amp;apos;4.20.0&amp;apos;, revision: &amp;apos;866c76ca80&amp;apos;
System info: os.name: &amp;apos;Windows 11&amp;apos;, os.arch: &amp;apos;amd64&amp;apos;, os.version: &amp;apos;10.0&amp;apos;, java.version: &amp;apos;25.0.2&amp;apos;
Driver info: org.openqa.selenium.chrome.ChromeDriver
Capabilities {acceptInsecureCerts: false, browserName: chrome, browserVersion: 147.0.7727.56, chrome: {chromedriverVersion: 147.0.7727.56 (b28eac7a1a97..., userDataDir: C:\Users\sebastian\Document...}, fedcm:accounts: true, goog:chromeOptions: {debuggerAddress: localhost:63885}, goog:processID: 19052, networkConnectionEnabled: false, pageLoadStrategy: normal, platformName: windows, proxy: Proxy(), se:cdp: ws://localhost:63885/devtoo..., se:cdpVersion: 147.0.7727.56, setWindowRect: true, strictFileInteractability: false, timeouts: {implicit: 0, pageLoad: 300000, script: 30000}, unhandledPromptBehavior: dismiss and notify, webauthn:extension:credBlob: true, webauthn:extension:largeBlob: true, webauthn:extension:minPinLength: true, webauthn:extension:prf: true, webauthn:virtualAuthenticators: true}
Session ID: c028f25e732b77f7f01e619a944836bf">
      <![CDATA[org.openqa.selenium.TimeoutException: Expected condition failed: waiting for condition to not be valid: url to contain "/login". Current url: "https://sso.crunchyroll.com/login?return_url=%2Fauthorize%3Fclient_id%3Dnoaihdevm_6iyg0a8l0q%26redirect_uri%3Dhttps%253A%252F%252Fwww.crunchyroll.com%252Fcallback%26response_type%3Dcookie%26state%3D%252F" (tried for 10 second(s) with 500 milliseconds interval)
Build info: version: '4.20.0', revision: '866c76ca80'
System info: os.name: 'Windows 11', os.arch: 'amd64', os.version: '10.0', java.version: '25.0.2'
Driver info: org.openqa.selenium.chrome.ChromeDriver
Capabilities {acceptInsecureCerts: false, browserName: chrome, browserVersion: 147.0.7727.56, chrome: {chromedriverVersion: 147.0.7727.56 (b28eac7a1a97..., userDataDir: C:\Users\sebastian\Document...}, fedcm:accounts: true, goog:chromeOptions: {debuggerAddress: localhost:63885}, goog:processID: 19052, networkConnectionEnabled: false, pageLoadStrategy: normal, platformName: windows, proxy: Proxy(), se:cdp: ws://localhost:63885/devtoo..., se:cdpVersion: 147.0.7727.56, setWindowRect: true, strictFileInteractability: false, timeouts: {implicit: 0, pageLoad: 300000, script: 30000}, unhandledPromptBehavior: dismiss and notify, webauthn:extension:credBlob: true, webauthn:extension:largeBlob: true, webauthn:extension:minPinLength: true, webauthn:extension:prf: true, webauthn:virtualAuthenticators: true}
Session ID: c028f25e732b77f7f01e619a944836bf
at org.openqa.selenium.support.ui.WebDriverWait.timeoutException(WebDriverWait.java:84)
at org.openqa.selenium.support.ui.FluentWait.until(FluentWait.java:228)
at TestCases.BaseTest.loginWithValidCredentials(BaseTest.java:283)
at TestCases.LoginTest.testValidLogin(LoginTest.java:101)
at java.base/java.util.ArrayList.forEach(ArrayList.java:1604)
at org.example.Main.main(Main.java:25)
... Removed 22 stack frames]]>
    </failure>
  </testcase> <!-- testValidLogin -->
</testsuite> <!-- Command line test -->
