<?xml version="1.0" encoding="UTF-8"?>
<!-- Generated by org.testng.reporters.JUnitXMLReporter -->
<testsuite ignored="14" hostname="DESKTOP-L6ECGGE" failures="2" tests="40" name="Command line test" time="285.819" errors="0" timestamp="2026-04-18T19:17:22 EDT">
  <testcase classname="TestCases.LoginTest" name="testButtons" time="2.743"/>
  <testcase classname="TestCases.LoginTest" name="testInputFields" time="2.065"/>
  <testcase classname="TestCases.LoginTest" name="testForgotPassword" time="2.012"/>
  <testcase classname="TestCases.LoginTest" name="testInvalidLogin" time="4.211"/>
  <testcase classname="TestCases.LoginTest" name="testValidLogin" time="4.156"/>
  <testcase classname="TestCases.ProfileManagementTest" name="testLogout" time="7.903"/>
  <testcase classname="TestCases.ProfileManagementTest" name="addNewUser" time="15.693"/>
  <testcase classname="TestCases.ProfileManagementTest" name="editUserProfile" time="11.12"/>
  <testcase classname="TestCases.ProfileManagementTest" name="deleteUserProfile" time="2.943"/>
  <testcase classname="TestCases.ProfileManagementTest" name="chooseProfile" time="4.621"/>
  <testcase classname="TestCases.HomePageTest" name="titleANDlogo" time="0.106"/>
  <testcase classname="TestCases.HomePageTest" name="testCarousel" time="2.256"/>
  <testcase classname="TestCases.HomePageTest" name="testFooterLinks" time="2.87"/>
  <testcase classname="TestCases.HomePageTest" name="testContinueWatching" time="3.625"/>
  <testcase classname="TestCases.HomePageTest" name="testHPcontent" time="4.313"/>
  <testcase classname="TestCases.SearchTest" name="testSearchPage" time="5.431"/>
  <testcase classname="TestCases.SearchTest" name="testEmptySearch" time="5.096"/>
  <testcase classname="TestCases.SearchTest" name="testSearch" time="13.125"/>
  <testcase classname="TestCases.SearchTest" name="keywordSearch" time="13.136"/>
  <testcase classname="TestCases.SearchTest" name="abbrevSearch" time="8.204">
    <failure type="java.lang.AssertionError" message="Abbreviation &amp;apos;jjk&amp;apos; did not match &amp;apos;Jujutsu Kaisen&amp;apos; – Crunchyroll does not support abbreviation search expected [true] but found [false]">
      <![CDATA[java.lang.AssertionError: Abbreviation 'jjk' did not match 'Jujutsu Kaisen' – Crunchyroll does not support abbreviation search expected [true] but found [false]
at TestCases.SearchTest.abbrevSearch(SearchTest.java:179)
at java.base/java.util.ArrayList.forEach(ArrayList.java:1604)
at org.example.Main.main(Main.java:25)
... Removed 25 stack frames]]>
    </failure>
  </testcase> <!-- abbrevSearch -->
  <testcase classname="TestCases.NavigationTest" name="testLogoNav" time="4.924"/>
  <testcase classname="TestCases.NavigationTest" name="navLinks" time="7.711"/>
  <testcase classname="TestCases.NavigationTest" name="watchlistNav" time="6.499"/>
  <testcase classname="TestCases.NavigationTest" name="navByCategory" time="4.931"/>
  <testcase classname="TestCases.NavigationTest" name="searchNav" time="4.008"/>
  <testcase classname="TestCases.SubServicesTest" name="testManga" time="14.347"/>
  <testcase classname="TestCases.SubServicesTest" name="testGames" time="7.257"/>
  <testcase classname="TestCases.SubServicesTest" name="testStore" time="12.89"/>
  <testcase classname="TestCases.SubServicesTest" name="testAccountTransfer" time="2.422">
    <failure type="org.openqa.selenium.ElementClickInterceptedException" message="element click intercepted: Element &amp;lt;a href=&amp;quot;https://legacy.rightstufanime.com/secure/my_account.ssp?redirect=&amp;amp;amp;fragment=purchases#purchases&amp;quot; target=&amp;quot;_blank&amp;quot; rel=&amp;quot;noopener noreferrer&amp;quot;&amp;gt;...&amp;lt;/a&amp;gt; is not clickable at point (1047, 937). Other element would receive the click: &amp;lt;div id=&amp;quot;onetrust-button-group-parent&amp;quot; class=&amp;quot;ot-sdk-three ot-sdk-columns&amp;quot;&amp;gt;...&amp;lt;/div&amp;gt;
  (Session info: chrome=147.0.7727.57)
Build info: version: &amp;apos;4.20.0&amp;apos;, revision: &amp;apos;866c76ca80&amp;apos;
System info: os.name: &amp;apos;Windows 11&amp;apos;, os.arch: &amp;apos;amd64&amp;apos;, os.version: &amp;apos;10.0&amp;apos;, java.version: &amp;apos;25.0.2&amp;apos;
Driver info: org.openqa.selenium.chrome.ChromeDriver
Command: [ed5641c97b02dccbc20093ec2b74f85c, clickElement {id=f.797D2DFE4B88A68F921DD93C1CDBD507.d.0E618ABF633B1AA5587ADC1B825E2650.e.23620}]
Capabilities {acceptInsecureCerts: false, browserName: chrome, browserVersion: 147.0.7727.57, chrome: {chromedriverVersion: 147.0.7727.57 (b4f28b5637d0..., userDataDir: C:\Users\sebastian\Document...}, fedcm:accounts: true, goog:chromeOptions: {debuggerAddress: localhost:55606}, goog:processID: 4544, networkConnectionEnabled: false, pageLoadStrategy: normal, platformName: windows, proxy: Proxy(), se:cdp: ws://localhost:55606/devtoo..., se:cdpVersion: 147.0.7727.57, setWindowRect: true, strictFileInteractability: false, timeouts: {implicit: 0, pageLoad: 300000, script: 30000}, unhandledPromptBehavior: dismiss and notify, webauthn:extension:credBlob: true, webauthn:extension:largeBlob: true, webauthn:extension:minPinLength: true, webauthn:extension:prf: true, webauthn:virtualAuthenticators: true}
Element: [[ChromeDriver: chrome on windows (ed5641c97b02dccbc20093ec2b74f85c)] -&amp;gt; css selector: a[href*=&amp;apos;account&amp;apos;], [data-t=&amp;apos;my-account&amp;apos;]]
Session ID: ed5641c97b02dccbc20093ec2b74f85c">
      <![CDATA[org.openqa.selenium.ElementClickInterceptedException: element click intercepted: Element <a href="https://legacy.rightstufanime.com/secure/my_account.ssp?redirect=&amp;fragment=purchases#purchases" target="_blank" rel="noopener noreferrer">...</a> is not clickable at point (1047, 937). Other element would receive the click: <div id="onetrust-button-group-parent" class="ot-sdk-three ot-sdk-columns">...</div>
  (Session info: chrome=147.0.7727.57)
Build info: version: '4.20.0', revision: '866c76ca80'
System info: os.name: 'Windows 11', os.arch: 'amd64', os.version: '10.0', java.version: '25.0.2'
Driver info: org.openqa.selenium.chrome.ChromeDriver
Command: [ed5641c97b02dccbc20093ec2b74f85c, clickElement {id=f.797D2DFE4B88A68F921DD93C1CDBD507.d.0E618ABF633B1AA5587ADC1B825E2650.e.23620}]
Capabilities {acceptInsecureCerts: false, browserName: chrome, browserVersion: 147.0.7727.57, chrome: {chromedriverVersion: 147.0.7727.57 (b4f28b5637d0..., userDataDir: C:\Users\sebastian\Document...}, fedcm:accounts: true, goog:chromeOptions: {debuggerAddress: localhost:55606}, goog:processID: 4544, networkConnectionEnabled: false, pageLoadStrategy: normal, platformName: windows, proxy: Proxy(), se:cdp: ws://localhost:55606/devtoo..., se:cdpVersion: 147.0.7727.57, setWindowRect: true, strictFileInteractability: false, timeouts: {implicit: 0, pageLoad: 300000, script: 30000}, unhandledPromptBehavior: dismiss and notify, webauthn:extension:credBlob: true, webauthn:extension:largeBlob: true, webauthn:extension:minPinLength: true, webauthn:extension:prf: true, webauthn:virtualAuthenticators: true}
Element: [[ChromeDriver: chrome on windows (ed5641c97b02dccbc20093ec2b74f85c)] -> css selector: a[href*='account'], [data-t='my-account']]
Session ID: ed5641c97b02dccbc20093ec2b74f85c
at org.openqa.selenium.remote.ErrorCodec.decode(ErrorCodec.java:167)
at org.openqa.selenium.remote.codec.w3c.W3CHttpResponseCodec.decode(W3CHttpResponseCodec.java:138)
at org.openqa.selenium.remote.codec.w3c.W3CHttpResponseCodec.decode(W3CHttpResponseCodec.java:50)
at org.openqa.selenium.remote.HttpCommandExecutor.execute(HttpCommandExecutor.java:190)
at org.openqa.selenium.remote.service.DriverCommandExecutor.invokeExecute(DriverCommandExecutor.java:216)
at org.openqa.selenium.remote.service.DriverCommandExecutor.execute(DriverCommandExecutor.java:174)
at org.openqa.selenium.remote.RemoteWebDriver.execute(RemoteWebDriver.java:518)
at org.openqa.selenium.remote.RemoteWebElement.execute(RemoteWebElement.java:223)
at org.openqa.selenium.remote.RemoteWebElement.click(RemoteWebElement.java:76)
at TestCases.BaseTest.clickElement(BaseTest.java:235)
at TestCases.SubServicesTest.testAccountTransfer(SubServicesTest.java:105)
at java.base/java.util.ArrayList.forEach(ArrayList.java:1604)
at org.example.Main.main(Main.java:25)
... Removed 25 stack frames]]>
    </failure>
  </testcase> <!-- testAccountTransfer -->
  <testcase classname="TestCases.SubServicesTest" name="testNews" time="0.0">
    <skipped/>
  </testcase> <!-- testNews -->
  <testcase classname="TestCases.SettingsTest" name="testSettingsPageLoads" time="5.901"/>
  <testcase classname="TestCases.SettingsTest" name="testSubtitleLanguage" time="3.716"/>
  <testcase classname="TestCases.SettingsTest" name="testNotifSettings" time="3.957"/>
  <testcase classname="TestCases.SettingsTest" name="testChangeAccountInfo" time="9.127"/>
  <testcase classname="TestCases.SettingsTest" name="testCustomerSupport" time="4.148"/>
  <testcase classname="TestCases.ShowTest" name="seriesInfo" time="13.26"/>
  <testcase classname="TestCases.ShowTest" name="episodeDetails" time="9.35"/>
  <testcase classname="TestCases.ShowTest" name="seasonsMenu" time="10.718"/>
  <testcase classname="TestCases.ShowTest" name="testPlayback" time="13.627"/>
  <testcase classname="TestCases.ShowTest" name="continueWatching" time="31.368"/>
  <testcase classname="TestCases.BaseTest" name="@AfterSuite suiteTearDown" time="0.0">
    <ignored/>
  </testcase> <!-- @AfterSuite suiteTearDown -->
  <testcase classname="TestCases.BaseTest" name="@BeforeSuite suiteSetUp" time="0.0">
    <ignored/>
  </testcase> <!-- @BeforeSuite suiteSetUp -->
  <testcase classname="TestCases.BaseTest" name="@AfterSuite suiteTearDown" time="0.0">
    <ignored/>
  </testcase> <!-- @AfterSuite suiteTearDown -->
  <testcase classname="TestCases.BaseTest" name="@BeforeSuite suiteSetUp" time="0.0">
    <ignored/>
  </testcase> <!-- @BeforeSuite suiteSetUp -->
  <testcase classname="TestCases.BaseTest" name="@BeforeSuite suiteSetUp" time="0.0">
    <ignored/>
  </testcase> <!-- @BeforeSuite suiteSetUp -->
  <testcase classname="TestCases.BaseTest" name="@AfterSuite suiteTearDown" time="0.0">
    <ignored/>
  </testcase> <!-- @AfterSuite suiteTearDown -->
  <testcase classname="TestCases.BaseTest" name="@AfterSuite suiteTearDown" time="0.0">
    <ignored/>
  </testcase> <!-- @AfterSuite suiteTearDown -->
  <testcase classname="TestCases.BaseTest" name="@AfterSuite suiteTearDown" time="0.0">
    <ignored/>
  </testcase> <!-- @AfterSuite suiteTearDown -->
  <testcase classname="TestCases.BaseTest" name="@BeforeSuite suiteSetUp" time="0.0">
    <ignored/>
  </testcase> <!-- @BeforeSuite suiteSetUp -->
  <testcase classname="TestCases.BaseTest" name="@BeforeSuite suiteSetUp" time="0.0">
    <ignored/>
  </testcase> <!-- @BeforeSuite suiteSetUp -->
  <testcase classname="TestCases.BaseTest" name="@BeforeSuite suiteSetUp" time="0.0">
    <ignored/>
  </testcase> <!-- @BeforeSuite suiteSetUp -->
  <testcase classname="TestCases.BaseTest" name="@AfterSuite suiteTearDown" time="0.0">
    <ignored/>
  </testcase> <!-- @AfterSuite suiteTearDown -->
  <testcase classname="TestCases.BaseTest" name="@BeforeSuite suiteSetUp" time="0.0">
    <ignored/>
  </testcase> <!-- @BeforeSuite suiteSetUp -->
  <testcase classname="TestCases.BaseTest" name="@AfterSuite suiteTearDown" time="0.0">
    <ignored/>
  </testcase> <!-- @AfterSuite suiteTearDown -->
</testsuite> <!-- Command line test -->
