<?xml version="1.0" encoding="UTF-8"?>
<!-- Generated by org.testng.reporters.JUnitReportReporter -->
<testsuite hostname="fancyCalculator" failures="0" tests="4" name="TestCases.HomePageTest" time="10.780" errors="0" timestamp="2026-04-13T19:51:11 EDT" skipped="0">
  <testcase classname="TestCases.HomePageTest" name="testCarousel" time="2.338"/>
  <testcase classname="TestCases.HomePageTest" name="testContinueWatching" time="3.989"/>
  <testcase classname="TestCases.HomePageTest" name="testHPcontent" time="4.376"/>
  <testcase classname="TestCases.HomePageTest" name="titleANDlogo" time="0.077"/>
</testsuite> <!-- TestCases.HomePageTest -->
