<?xml version="1.0" encoding="UTF-8"?>
<!-- Generated by org.testng.reporters.JUnitReportReporter -->
<testsuite hostname="fancyCalculator" failures="0" tests="5" name="TestCases.SettingsTest" time="31.124" errors="0" timestamp="2026-04-18T17:09:28 EDT" skipped="0">
  <testcase classname="TestCases.SettingsTest" name="testSubtitleLanguage" time="3.962"/>
  <testcase classname="TestCases.SettingsTest" name="testNotifSettings" time="4.146"/>
  <testcase classname="TestCases.SettingsTest" name="testChangeAccountInfo" time="9.556"/>
  <testcase classname="TestCases.SettingsTest" name="testCustomerSupport" time="4.353"/>
  <testcase classname="TestCases.SettingsTest" name="testSettingsPageLoads" time="9.107"/>
</testsuite> <!-- TestCases.SettingsTest -->
