<?xml version="1.0" encoding="UTF-8"?>
<!-- Generated by org.testng.reporters.JUnitReportReporter -->
<testsuite hostname="DESKTOP-L6ECGGE" failures="0" tests="5" name="TestCases.HomePageTest" time="12.720" errors="0" timestamp="2026-04-16T12:06:55 EDT" skipped="0">
  <testcase classname="TestCases.HomePageTest" name="titleANDlogo" time="0.132"/>
  <testcase classname="TestCases.HomePageTest" name="testHPcontent" time="4.240"/>
  <testcase classname="TestCases.HomePageTest" name="testContinueWatching" time="3.584"/>
  <testcase classname="TestCases.HomePageTest" name="testCarousel" time="2.272"/>
  <testcase classname="TestCases.HomePageTest" name="testFooterLinks" time="2.492"/>
</testsuite> <!-- TestCases.HomePageTest -->
