<?xml version="1.0" encoding="UTF-8"?>
<!-- Generated by org.testng.reporters.JUnitReportReporter -->
<testsuite hostname="DESKTOP-L6ECGGE" failures="0" tests="5" name="TestCases.NavigationTest" time="28.328" errors="0" timestamp="2026-04-16T00:03:57 EDT" skipped="0">
  <testcase classname="TestCases.NavigationTest" name="testLogoNav" time="4.910"/>
  <testcase classname="TestCases.NavigationTest" name="navByCategory" time="4.968"/>
  <testcase classname="TestCases.NavigationTest" name="searchNav" time="4.008"/>
  <testcase classname="TestCases.NavigationTest" name="navLinks" time="7.952"/>
  <testcase classname="TestCases.NavigationTest" name="watchlistNav" time="6.490"/>
</testsuite> <!-- TestCases.NavigationTest -->
