<?xml version="1.0" encoding="UTF-8"?>
<!-- Generated by org.testng.reporters.JUnitReportReporter -->
<testsuite hostname="fancyCalculator" failures="0" tests="5" name="TestCases.NavigationTest" time="11.049" errors="0" timestamp="2026-04-13T19:51:11 EDT" skipped="0">
  <testcase classname="TestCases.NavigationTest" name="searchNav" time="0.016"/>
  <testcase classname="TestCases.NavigationTest" name="navByCategory" time="1.157"/>
  <testcase classname="TestCases.NavigationTest" name="watchlistNav" time="2.910"/>
  <testcase classname="TestCases.NavigationTest" name="testLogoNav" time="1.584"/>
  <testcase classname="TestCases.NavigationTest" name="navLinks" time="5.382"/>
</testsuite> <!-- TestCases.NavigationTest -->
