<?xml version="1.0" encoding="UTF-8"?>
<!-- Generated by org.testng.reporters.JUnitReportReporter -->
<testsuite hostname="DESKTOP-L6ECGGE" failures="0" tests="5" name="TestCases.SettingsTest" time="16.240" errors="0" timestamp="2026-04-15T13:45:00 EDT" skipped="0">
  <testcase classname="TestCases.SettingsTest" name="testCustomerSupport" time="4.139"/>
  <testcase classname="TestCases.SettingsTest" name="testSubtitleLanguage" time="3.697"/>
  <testcase classname="TestCases.SettingsTest" name="testSettingsPageLoads" time="3.368"/>
  <testcase classname="TestCases.SettingsTest" name="testNotifSettings" time="3.916"/>
  <testcase classname="TestCases.SettingsTest" name="testChangeAccountInfo" time="1.120"/>
</testsuite> <!-- TestCases.SettingsTest -->
