<?xml version="1.0" encoding="UTF-8"?>
<!-- Generated by org.testng.reporters.JUnitReportReporter -->
<testsuite hostname="DESKTOP-L6ECGGE" failures="0" tests="5" name="TestCases.ShowTest" time="78.135" errors="0" timestamp="2026-04-18T19:05:53 EDT" skipped="0">
  <testcase classname="TestCases.ShowTest" name="seasonsMenu" time="10.717"/>
  <testcase classname="TestCases.ShowTest" name="seriesInfo" time="13.220"/>
  <testcase classname="TestCases.ShowTest" name="episodeDetails" time="9.347"/>
  <testcase classname="TestCases.ShowTest" name="testPlayback" time="13.613"/>
  <testcase classname="TestCases.ShowTest" name="continueWatching" time="31.238"/>
</testsuite> <!-- TestCases.ShowTest -->
