<?xml version="1.0" encoding="UTF-8"?>
<!-- Generated by org.testng.reporters.JUnitReportReporter -->
<testsuite hostname="fancyCalculator" failures="0" tests="4" name="TestCases.LoginTest" time="14.751" errors="0" timestamp="2026-04-18T17:09:28 EDT" skipped="0">
  <testcase classname="TestCases.LoginTest" name="testButtons" time="3.794"/>
  <testcase classname="TestCases.LoginTest" name="testValidLogin" time="6.742"/>
  <testcase classname="TestCases.LoginTest" name="testInputFields" time="2.184"/>
  <testcase classname="TestCases.LoginTest" name="testForgotPassword" time="2.031"/>
</testsuite> <!-- TestCases.LoginTest -->
