<?xml version="1.0" encoding="UTF-8"?>
<!-- Generated by org.testng.reporters.JUnitReportReporter -->
<testsuite hostname="DESKTOP-L6ECGGE" failures="0" tests="5" name="TestCases.ProfileManagementTest" time="42.503" errors="0" timestamp="2026-04-18T19:05:53 EDT" skipped="0">
  <testcase classname="TestCases.ProfileManagementTest" name="testLogout" time="8.430"/>
  <testcase classname="TestCases.ProfileManagementTest" name="addNewUser" time="15.794"/>
  <testcase classname="TestCases.ProfileManagementTest" name="deleteUserProfile" time="2.832"/>
  <testcase classname="TestCases.ProfileManagementTest" name="editUserProfile" time="11.006"/>
  <testcase classname="TestCases.ProfileManagementTest" name="chooseProfile" time="4.441"/>
</testsuite> <!-- TestCases.ProfileManagementTest -->
