<?xml version="1.0" encoding="UTF-8"?>
<!-- Generated by org.testng.reporters.JUnitReportReporter -->
<testsuite hostname="DESKTOP-L6ECGGE" failures="0" tests="5" name="TestCases.ProfileManagementTest" time="42.280" errors="0" timestamp="2026-04-18T19:17:22 EDT" skipped="0">
  <testcase classname="TestCases.ProfileManagementTest" name="addNewUser" time="15.693"/>
  <testcase classname="TestCases.ProfileManagementTest" name="editUserProfile" time="11.120"/>
  <testcase classname="TestCases.ProfileManagementTest" name="chooseProfile" time="4.621"/>
  <testcase classname="TestCases.ProfileManagementTest" name="deleteUserProfile" time="2.943"/>
  <testcase classname="TestCases.ProfileManagementTest" name="testLogout" time="7.903"/>
</testsuite> <!-- TestCases.ProfileManagementTest -->
