<?xml version="1.0" encoding="UTF-8"?>
<!-- Generated by org.testng.reporters.JUnitReportReporter -->
<testsuite hostname="DESKTOP-L6ECGGE" failures="0" tests="5" name="TestCases.SubServicesTest" time="53.849" errors="0" timestamp="2026-04-18T19:05:53 EDT" skipped="0">
  <testcase classname="TestCases.SubServicesTest" name="testGames" time="7.751"/>
  <testcase classname="TestCases.SubServicesTest" name="testStore" time="9.830"/>
  <testcase classname="TestCases.SubServicesTest" name="testManga" time="15.737"/>
  <testcase classname="TestCases.SubServicesTest" name="testAccountTransfer" time="9.356"/>
  <testcase classname="TestCases.SubServicesTest" name="testNews" time="11.175"/>
</testsuite> <!-- TestCases.SubServicesTest -->
