<?xml version="1.0" encoding="UTF-8"?>
<!-- Generated by org.testng.reporters.JUnitReportReporter -->
<testsuite hostname="DESKTOP-L6ECGGE" failures="0" tests="5" name="TestCases.SubServicesTest" time="52.958" errors="0" timestamp="2026-04-16T12:06:55 EDT" skipped="0">
  <testcase classname="TestCases.SubServicesTest" name="testAccountTransfer" time="9.143"/>
  <testcase classname="TestCases.SubServicesTest" name="testGames" time="7.231"/>
  <testcase classname="TestCases.SubServicesTest" name="testStore" time="11.499"/>
  <testcase classname="TestCases.SubServicesTest" name="testNews" time="11.015"/>
  <testcase classname="TestCases.SubServicesTest" name="testManga" time="14.070"/>
</testsuite> <!-- TestCases.SubServicesTest -->
